[0.061s] Invoking command in '/home/dhruva/trial/build/carlike_bot_simulation': CMAKE_PREFIX_PATH=${CMAKE_PREFIX_PATH}:/opt/ros/humble /usr/bin/cmake --build /home/dhruva/trial/build/carlike_bot_simulation -- -j4 -l4
[0.247s] Invoked command in '/home/dhruva/trial/build/carlike_bot_simulation' returned '0': CMAKE_PREFIX_PATH=${CMAKE_PREFIX_PATH}:/opt/ros/humble /usr/bin/cmake --build /home/dhruva/trial/build/carlike_bot_simulation -- -j4 -l4
[0.292s] Invoking command in '/home/dhruva/trial/build/carlike_bot_simulation': CMAKE_PREFIX_PATH=${CMAKE_PREFIX_PATH}:/opt/ros/humble /usr/bin/cmake --install /home/dhruva/trial/build/carlike_bot_simulation
[0.304s] -- Install configuration: ""
[0.312s] -- Execute custom install script
[0.313s] -- Up-to-date symlink: /home/dhruva/trial/install/carlike_bot_simulation/lib/carlike_bot_simulation/camera_subscriber.py
[0.313s] -- Up-to-date symlink: /home/dhruva/trial/install/carlike_bot_simulation/share/carlike_bot_simulation/launch/camera.launch.py
[0.314s] -- Up-to-date symlink: /home/dhruva/trial/install/carlike_bot_simulation/share/carlike_bot_simulation/launch/launch.py
[0.314s] -- Up-to-date symlink: /home/dhruva/trial/install/carlike_bot_simulation/share/carlike_bot_simulation/launch/launch_new.py
[0.314s] -- Up-to-date symlink: /home/dhruva/trial/install/carlike_bot_simulation/share/carlike_bot_simulation/launch/rsp.launch.py
[0.314s] -- Up-to-date symlink: /home/dhruva/trial/install/carlike_bot_simulation/share/carlike_bot_simulation/urdf/camera.xacro
[0.314s] -- Up-to-date symlink: /home/dhruva/trial/install/carlike_bot_simulation/share/carlike_bot_simulation/urdf/carlike_bot.urdf.xacro
[0.314s] -- Up-to-date symlink: /home/dhruva/trial/install/carlike_bot_simulation/share/carlike_bot_simulation/urdf/carlikebot.materials.xacro
[0.314s] -- Up-to-date symlink: /home/dhruva/trial/install/carlike_bot_simulation/share/carlike_bot_simulation/urdf/carlikebot_description.urdf.xacro
[0.314s] -- Up-to-date symlink: /home/dhruva/trial/install/carlike_bot_simulation/share/carlike_bot_simulation/urdf/dada_bot.urdf.xacro
[0.314s] -- Symlinking: /home/dhruva/trial/install/carlike_bot_simulation/share/carlike_bot_simulation/urdf/gazebo_control.xacro
[0.325s] -- Up-to-date symlink: /home/dhruva/trial/install/carlike_bot_simulation/share/carlike_bot_simulation/urdf/inertial_macros.xacro
[0.325s] -- Symlinking: /home/dhruva/trial/install/carlike_bot_simulation/share/carlike_bot_simulation/urdf/robot.urdf.xacro
[0.338s] -- Up-to-date symlink: /home/dhruva/trial/install/carlike_bot_simulation/share/ament_index/resource_index/package_run_dependencies/carlike_bot_simulation
[0.339s] -- Up-to-date symlink: /home/dhruva/trial/install/carlike_bot_simulation/share/ament_index/resource_index/parent_prefix_path/carlike_bot_simulation
[0.339s] -- Up-to-date symlink: /home/dhruva/trial/install/carlike_bot_simulation/share/carlike_bot_simulation/environment/ament_prefix_path.sh
[0.339s] -- Up-to-date symlink: /home/dhruva/trial/install/carlike_bot_simulation/share/carlike_bot_simulation/environment/ament_prefix_path.dsv
[0.339s] -- Up-to-date symlink: /home/dhruva/trial/install/carlike_bot_simulation/share/carlike_bot_simulation/environment/path.sh
[0.339s] -- Up-to-date symlink: /home/dhruva/trial/install/carlike_bot_simulation/share/carlike_bot_simulation/environment/path.dsv
[0.339s] -- Up-to-date symlink: /home/dhruva/trial/install/carlike_bot_simulation/share/carlike_bot_simulation/local_setup.bash
[0.339s] -- Up-to-date symlink: /home/dhruva/trial/install/carlike_bot_simulation/share/carlike_bot_simulation/local_setup.sh
[0.340s] -- Up-to-date symlink: /home/dhruva/trial/install/carlike_bot_simulation/share/carlike_bot_simulation/local_setup.zsh
[0.340s] -- Up-to-date symlink: /home/dhruva/trial/install/carlike_bot_simulation/share/carlike_bot_simulation/local_setup.dsv
[0.340s] -- Symlinking: /home/dhruva/trial/install/carlike_bot_simulation/share/carlike_bot_simulation/package.dsv
[0.351s] -- Up-to-date symlink: /home/dhruva/trial/install/carlike_bot_simulation/share/ament_index/resource_index/packages/carlike_bot_simulation
[0.351s] -- Up-to-date symlink: /home/dhruva/trial/install/carlike_bot_simulation/share/carlike_bot_simulation/cmake/carlike_bot_simulationConfig.cmake
[0.351s] -- Up-to-date symlink: /home/dhruva/trial/install/carlike_bot_simulation/share/carlike_bot_simulation/cmake/carlike_bot_simulationConfig-version.cmake
[0.351s] -- Up-to-date symlink: /home/dhruva/trial/install/carlike_bot_simulation/share/carlike_bot_simulation/package.xml
[0.356s] Invoked command in '/home/dhruva/trial/build/carlike_bot_simulation' returned '0': CMAKE_PREFIX_PATH=${CMAKE_PREFIX_PATH}:/opt/ros/humble /usr/bin/cmake --install /home/dhruva/trial/build/carlike_bot_simulation
