[0.367s] DEBUG:colcon:Command line arguments: ['/usr/bin/colcon', 'build', '--symlink-install']
[0.367s] DEBUG:colcon:Parsed command line arguments: Namespace(log_base=None, log_level=None, verb_name='build', build_base='build', install_base='install', merge_install=False, symlink_install=True, test_result_base=None, continue_on_error=False, executor='parallel', parallel_workers=4, event_handlers=None, ignore_user_meta=False, metas=['./colcon.meta'], base_paths=['.'], packages_ignore=None, packages_ignore_regex=None, paths=None, packages_up_to=None, packages_up_to_regex=None, packages_above=None, packages_above_and_dependencies=None, packages_above_depth=None, packages_select_by_dep=None, packages_skip_by_dep=None, packages_skip_up_to=None, packages_select_build_failed=False, packages_skip_build_finished=False, packages_select_test_failures=False, packages_skip_test_passed=False, packages_select=None, packages_skip=None, packages_select_regex=None, packages_skip_regex=None, packages_start=None, packages_end=None, allow_overriding=[], cmake_args=None, cmake_target=None, cmake_target_skip_unavailable=False, cmake_clean_cache=False, cmake_clean_first=False, cmake_force_configure=False, ament_cmake_args=None, catkin_cmake_args=None, catkin_skip_building_tests=False, mixin_files=None, mixin=None, verb_parser=<colcon_mixin.mixin.mixin_argument.MixinArgumentDecorator object at 0x7718e11028f0>, verb_extension=<colcon_core.verb.build.BuildVerb object at 0x7718e12ec310>, main=<bound method BuildVerb.main of <colcon_core.verb.build.BuildVerb object at 0x7718e12ec310>>, mixin_verb=('build',))
[3.336s] Level 1:colcon.colcon_core.package_discovery:discover_packages(colcon_meta) check parameters
[3.337s] Level 1:colcon.colcon_core.package_discovery:discover_packages(recursive) check parameters
[3.337s] Level 1:colcon.colcon_core.package_discovery:discover_packages(ignore) check parameters
[3.337s] Level 1:colcon.colcon_core.package_discovery:discover_packages(path) check parameters
[3.337s] Level 1:colcon.colcon_core.package_discovery:discover_packages(colcon_meta) discover
[3.337s] Level 1:colcon.colcon_core.package_discovery:discover_packages(recursive) discover
[3.337s] INFO:colcon.colcon_core.package_discovery:Crawling recursively for packages in '/home/dhruva/trial'
[3.337s] Level 1:colcon.colcon_core.package_identification:_identify(.) by extensions ['ignore', 'ignore_ament_install']
[3.338s] Level 1:colcon.colcon_core.package_identification:_identify(.) by extension 'ignore'
[3.338s] Level 1:colcon.colcon_core.package_identification:_identify(.) by extension 'ignore_ament_install'
[3.338s] Level 1:colcon.colcon_core.package_identification:_identify(.) by extensions ['colcon_pkg']
[3.338s] Level 1:colcon.colcon_core.package_identification:_identify(.) by extension 'colcon_pkg'
[3.338s] Level 1:colcon.colcon_core.package_identification:_identify(.) by extensions ['colcon_meta']
[3.338s] Level 1:colcon.colcon_core.package_identification:_identify(.) by extension 'colcon_meta'
[3.338s] Level 1:colcon.colcon_core.package_identification:_identify(.) by extensions ['ros']
[3.338s] Level 1:colcon.colcon_core.package_identification:_identify(.) by extension 'ros'
[3.350s] Level 1:colcon.colcon_core.package_identification:_identify(.) by extensions ['cmake', 'python']
[3.351s] Level 1:colcon.colcon_core.package_identification:_identify(.) by extension 'cmake'
[3.351s] Level 1:colcon.colcon_core.package_identification:_identify(.) by extension 'python'
[3.351s] Level 1:colcon.colcon_core.package_identification:_identify(.) by extensions ['python_setup_py']
[3.351s] Level 1:colcon.colcon_core.package_identification:_identify(.) by extension 'python_setup_py'
[3.351s] Level 1:colcon.colcon_core.package_identification:_identify(build) by extensions ['ignore', 'ignore_ament_install']
[3.351s] Level 1:colcon.colcon_core.package_identification:_identify(build) by extension 'ignore'
[3.351s] Level 1:colcon.colcon_core.package_identification:_identify(build) ignored
[3.351s] Level 1:colcon.colcon_core.package_identification:_identify(install) by extensions ['ignore', 'ignore_ament_install']
[3.352s] Level 1:colcon.colcon_core.package_identification:_identify(install) by extension 'ignore'
[3.352s] Level 1:colcon.colcon_core.package_identification:_identify(install) ignored
[3.352s] Level 1:colcon.colcon_core.package_identification:_identify(log) by extensions ['ignore', 'ignore_ament_install']
[3.352s] Level 1:colcon.colcon_core.package_identification:_identify(log) by extension 'ignore'
[3.352s] Level 1:colcon.colcon_core.package_identification:_identify(log) ignored
[3.352s] Level 1:colcon.colcon_core.package_identification:_identify(src) by extensions ['ignore', 'ignore_ament_install']
[3.352s] Level 1:colcon.colcon_core.package_identification:_identify(src) by extension 'ignore'
[3.352s] Level 1:colcon.colcon_core.package_identification:_identify(src) by extension 'ignore_ament_install'
[3.353s] Level 1:colcon.colcon_core.package_identification:_identify(src) by extensions ['colcon_pkg']
[3.353s] Level 1:colcon.colcon_core.package_identification:_identify(src) by extension 'colcon_pkg'
[3.353s] Level 1:colcon.colcon_core.package_identification:_identify(src) by extensions ['colcon_meta']
[3.353s] Level 1:colcon.colcon_core.package_identification:_identify(src) by extension 'colcon_meta'
[3.353s] Level 1:colcon.colcon_core.package_identification:_identify(src) by extensions ['ros']
[3.353s] Level 1:colcon.colcon_core.package_identification:_identify(src) by extension 'ros'
[3.353s] Level 1:colcon.colcon_core.package_identification:_identify(src) by extensions ['cmake', 'python']
[3.353s] Level 1:colcon.colcon_core.package_identification:_identify(src) by extension 'cmake'
[3.353s] Level 1:colcon.colcon_core.package_identification:_identify(src) by extension 'python'
[3.353s] Level 1:colcon.colcon_core.package_identification:_identify(src) by extensions ['python_setup_py']
[3.353s] Level 1:colcon.colcon_core.package_identification:_identify(src) by extension 'python_setup_py'
[3.353s] Level 1:colcon.colcon_core.package_identification:_identify(src/carlike_bot_simulation) by extensions ['ignore', 'ignore_ament_install']
[3.353s] Level 1:colcon.colcon_core.package_identification:_identify(src/carlike_bot_simulation) by extension 'ignore'
[3.353s] Level 1:colcon.colcon_core.package_identification:_identify(src/carlike_bot_simulation) by extension 'ignore_ament_install'
[3.354s] Level 1:colcon.colcon_core.package_identification:_identify(src/carlike_bot_simulation) by extensions ['colcon_pkg']
[3.354s] Level 1:colcon.colcon_core.package_identification:_identify(src/carlike_bot_simulation) by extension 'colcon_pkg'
[3.354s] Level 1:colcon.colcon_core.package_identification:_identify(src/carlike_bot_simulation) by extensions ['colcon_meta']
[3.354s] Level 1:colcon.colcon_core.package_identification:_identify(src/carlike_bot_simulation) by extension 'colcon_meta'
[3.354s] Level 1:colcon.colcon_core.package_identification:_identify(src/carlike_bot_simulation) by extensions ['ros']
[3.354s] Level 1:colcon.colcon_core.package_identification:_identify(src/carlike_bot_simulation) by extension 'ros'
[3.368s] DEBUG:colcon.colcon_core.package_identification:Package 'src/carlike_bot_simulation' with type 'ros.ament_cmake' and name 'carlike_bot_simulation'
[3.368s] Level 1:colcon.colcon_core.package_discovery:discover_packages(recursive) using defaults
[3.368s] Level 1:colcon.colcon_core.package_discovery:discover_packages(ignore) discover
[3.368s] Level 1:colcon.colcon_core.package_discovery:discover_packages(ignore) using defaults
[3.368s] Level 1:colcon.colcon_core.package_discovery:discover_packages(path) discover
[3.368s] Level 1:colcon.colcon_core.package_discovery:discover_packages(path) using defaults
[3.560s] Level 1:colcon.colcon_core.package_discovery:discover_packages(prefix_path) check parameters
[3.560s] Level 1:colcon.colcon_core.package_discovery:discover_packages(prefix_path) discover
[3.574s] DEBUG:colcon.colcon_installed_package_information.package_discovery:Found 387 installed packages in /opt/ros/humble
[3.576s] Level 1:colcon.colcon_core.package_discovery:discover_packages(prefix_path) using defaults
[3.632s] Level 5:colcon.colcon_core.verb:set package 'carlike_bot_simulation' build argument 'cmake_args' from command line to 'None'
[3.632s] Level 5:colcon.colcon_core.verb:set package 'carlike_bot_simulation' build argument 'cmake_target' from command line to 'None'
[3.632s] Level 5:colcon.colcon_core.verb:set package 'carlike_bot_simulation' build argument 'cmake_target_skip_unavailable' from command line to 'False'
[3.632s] Level 5:colcon.colcon_core.verb:set package 'carlike_bot_simulation' build argument 'cmake_clean_cache' from command line to 'False'
[3.632s] Level 5:colcon.colcon_core.verb:set package 'carlike_bot_simulation' build argument 'cmake_clean_first' from command line to 'False'
[3.632s] Level 5:colcon.colcon_core.verb:set package 'carlike_bot_simulation' build argument 'cmake_force_configure' from command line to 'False'
[3.632s] Level 5:colcon.colcon_core.verb:set package 'carlike_bot_simulation' build argument 'ament_cmake_args' from command line to 'None'
[3.632s] Level 5:colcon.colcon_core.verb:set package 'carlike_bot_simulation' build argument 'catkin_cmake_args' from command line to 'None'
[3.632s] Level 5:colcon.colcon_core.verb:set package 'carlike_bot_simulation' build argument 'catkin_skip_building_tests' from command line to 'False'
[3.633s] DEBUG:colcon.colcon_core.verb:Building package 'carlike_bot_simulation' with the following arguments: {'ament_cmake_args': None, 'build_base': '/home/dhruva/trial/build/carlike_bot_simulation', 'catkin_cmake_args': None, 'catkin_skip_building_tests': False, 'cmake_args': None, 'cmake_clean_cache': False, 'cmake_clean_first': False, 'cmake_force_configure': False, 'cmake_target': None, 'cmake_target_skip_unavailable': False, 'install_base': '/home/dhruva/trial/install/carlike_bot_simulation', 'merge_install': False, 'path': '/home/dhruva/trial/src/carlike_bot_simulation', 'symlink_install': True, 'test_result_base': None}
[3.633s] INFO:colcon.colcon_core.executor:Executing jobs using 'parallel' executor
[3.634s] DEBUG:colcon.colcon_parallel_executor.executor.parallel:run_until_complete
[3.635s] INFO:colcon.colcon_ros.task.ament_cmake.build:Building ROS package in '/home/dhruva/trial/src/carlike_bot_simulation' with build type 'ament_cmake'
[3.635s] INFO:colcon.colcon_cmake.task.cmake.build:Building CMake package in '/home/dhruva/trial/src/carlike_bot_simulation'
[3.658s] INFO:colcon.colcon_core.plugin_system:Skipping extension 'colcon_core.shell.bat': Not used on non-Windows systems
[3.658s] INFO:colcon.colcon_core.shell:Skip shell extension 'powershell' for command environment: Not usable outside of PowerShell
[3.658s] DEBUG:colcon.colcon_core.shell:Skip shell extension 'dsv' for command environment
[3.675s] DEBUG:colcon.colcon_core.event_handler.log_command:Invoking command in '/home/dhruva/trial/build/carlike_bot_simulation': CMAKE_PREFIX_PATH=/opt/ros/humble /usr/bin/cmake --build /home/dhruva/trial/build/carlike_bot_simulation -- -j4 -l4
[3.845s] DEBUG:colcon.colcon_core.event_handler.log_command:Invoked command in '/home/dhruva/trial/build/carlike_bot_simulation' returned '0': CMAKE_PREFIX_PATH=/opt/ros/humble /usr/bin/cmake --build /home/dhruva/trial/build/carlike_bot_simulation -- -j4 -l4
[3.890s] DEBUG:colcon.colcon_core.event_handler.log_command:Invoking command in '/home/dhruva/trial/build/carlike_bot_simulation': CMAKE_PREFIX_PATH=/opt/ros/humble /usr/bin/cmake --install /home/dhruva/trial/build/carlike_bot_simulation
[3.939s] Level 1:colcon.colcon_core.environment:create_environment_scripts_only(carlike_bot_simulation)
[3.940s] DEBUG:colcon.colcon_core.event_handler.log_command:Invoked command in '/home/dhruva/trial/build/carlike_bot_simulation' returned '0': CMAKE_PREFIX_PATH=/opt/ros/humble /usr/bin/cmake --install /home/dhruva/trial/build/carlike_bot_simulation
[3.962s] Level 1:colcon.colcon_core.environment:checking '/home/dhruva/trial/install/carlike_bot_simulation' for CMake module files
[3.963s] Level 1:colcon.colcon_core.environment:checking '/home/dhruva/trial/install/carlike_bot_simulation' for CMake config files
[3.964s] Level 1:colcon.colcon_core.shell:create_environment_hook('carlike_bot_simulation', 'cmake_prefix_path')
[3.964s] INFO:colcon.colcon_core.shell:Creating environment hook '/home/dhruva/trial/install/carlike_bot_simulation/share/carlike_bot_simulation/hook/cmake_prefix_path.ps1'
[3.965s] INFO:colcon.colcon_core.shell:Creating environment descriptor '/home/dhruva/trial/install/carlike_bot_simulation/share/carlike_bot_simulation/hook/cmake_prefix_path.dsv'
[3.966s] INFO:colcon.colcon_core.shell:Creating environment hook '/home/dhruva/trial/install/carlike_bot_simulation/share/carlike_bot_simulation/hook/cmake_prefix_path.sh'
[3.968s] Level 1:colcon.colcon_core.environment:checking '/home/dhruva/trial/install/carlike_bot_simulation/lib'
[3.968s] Level 1:colcon.colcon_core.environment:checking '/home/dhruva/trial/install/carlike_bot_simulation/bin'
[3.968s] Level 1:colcon.colcon_core.environment:checking '/home/dhruva/trial/install/carlike_bot_simulation/lib/pkgconfig/carlike_bot_simulation.pc'
[3.968s] Level 1:colcon.colcon_core.environment:checking '/home/dhruva/trial/install/carlike_bot_simulation/lib/python3.10/site-packages'
[3.969s] Level 1:colcon.colcon_core.environment:checking '/home/dhruva/trial/install/carlike_bot_simulation/bin'
[3.969s] INFO:colcon.colcon_core.shell:Creating package script '/home/dhruva/trial/install/carlike_bot_simulation/share/carlike_bot_simulation/package.ps1'
[3.971s] INFO:colcon.colcon_core.shell:Creating package descriptor '/home/dhruva/trial/install/carlike_bot_simulation/share/carlike_bot_simulation/package.dsv'
[3.971s] INFO:colcon.colcon_core.shell:Creating package script '/home/dhruva/trial/install/carlike_bot_simulation/share/carlike_bot_simulation/package.sh'
[3.972s] INFO:colcon.colcon_core.shell:Creating package script '/home/dhruva/trial/install/carlike_bot_simulation/share/carlike_bot_simulation/package.bash'
[3.973s] INFO:colcon.colcon_core.shell:Creating package script '/home/dhruva/trial/install/carlike_bot_simulation/share/carlike_bot_simulation/package.zsh'
[3.974s] Level 1:colcon.colcon_core.environment:create_file_with_runtime_dependencies(/home/dhruva/trial/install/carlike_bot_simulation/share/colcon-core/packages/carlike_bot_simulation)
[4.004s] Level 1:colcon.colcon_core.environment:create_environment_scripts_only(carlike_bot_simulation)
[4.005s] Level 1:colcon.colcon_core.environment:checking '/home/dhruva/trial/install/carlike_bot_simulation' for CMake module files
[4.007s] Level 1:colcon.colcon_core.environment:checking '/home/dhruva/trial/install/carlike_bot_simulation' for CMake config files
[4.008s] Level 1:colcon.colcon_core.shell:create_environment_hook('carlike_bot_simulation', 'cmake_prefix_path')
[4.008s] INFO:colcon.colcon_core.shell:Creating environment hook '/home/dhruva/trial/install/carlike_bot_simulation/share/carlike_bot_simulation/hook/cmake_prefix_path.ps1'
[4.009s] INFO:colcon.colcon_core.shell:Creating environment descriptor '/home/dhruva/trial/install/carlike_bot_simulation/share/carlike_bot_simulation/hook/cmake_prefix_path.dsv'
[4.010s] INFO:colcon.colcon_core.shell:Creating environment hook '/home/dhruva/trial/install/carlike_bot_simulation/share/carlike_bot_simulation/hook/cmake_prefix_path.sh'
[4.011s] Level 1:colcon.colcon_core.environment:checking '/home/dhruva/trial/install/carlike_bot_simulation/lib'
[4.011s] Level 1:colcon.colcon_core.environment:checking '/home/dhruva/trial/install/carlike_bot_simulation/bin'
[4.011s] Level 1:colcon.colcon_core.environment:checking '/home/dhruva/trial/install/carlike_bot_simulation/lib/pkgconfig/carlike_bot_simulation.pc'
[4.011s] Level 1:colcon.colcon_core.environment:checking '/home/dhruva/trial/install/carlike_bot_simulation/lib/python3.10/site-packages'
[4.011s] Level 1:colcon.colcon_core.environment:checking '/home/dhruva/trial/install/carlike_bot_simulation/bin'
[4.012s] INFO:colcon.colcon_core.shell:Creating package script '/home/dhruva/trial/install/carlike_bot_simulation/share/carlike_bot_simulation/package.ps1'
[4.012s] INFO:colcon.colcon_core.shell:Creating package descriptor '/home/dhruva/trial/install/carlike_bot_simulation/share/carlike_bot_simulation/package.dsv'
[4.013s] INFO:colcon.colcon_core.shell:Creating package script '/home/dhruva/trial/install/carlike_bot_simulation/share/carlike_bot_simulation/package.sh'
[4.014s] INFO:colcon.colcon_core.shell:Creating package script '/home/dhruva/trial/install/carlike_bot_simulation/share/carlike_bot_simulation/package.bash'
[4.015s] INFO:colcon.colcon_core.shell:Creating package script '/home/dhruva/trial/install/carlike_bot_simulation/share/carlike_bot_simulation/package.zsh'
[4.015s] Level 1:colcon.colcon_core.environment:create_file_with_runtime_dependencies(/home/dhruva/trial/install/carlike_bot_simulation/share/colcon-core/packages/carlike_bot_simulation)
[4.016s] DEBUG:colcon.colcon_parallel_executor.executor.parallel:closing loop
[4.016s] DEBUG:colcon.colcon_parallel_executor.executor.parallel:loop closed
[4.016s] DEBUG:colcon.colcon_parallel_executor.executor.parallel:run_until_complete finished with '0'
[4.016s] DEBUG:colcon.colcon_core.event_reactor:joining thread
[4.024s] INFO:colcon.colcon_core.plugin_system:Skipping extension 'colcon_notification.desktop_notification.terminal_notifier': Not used on non-Darwin systems
[4.024s] INFO:colcon.colcon_core.plugin_system:Skipping extension 'colcon_notification.desktop_notification.win32': Not used on non-Windows systems
[4.024s] INFO:colcon.colcon_notification.desktop_notification:Sending desktop notification using 'notify2'
[4.046s] DEBUG:colcon.colcon_core.event_reactor:joined thread
[4.046s] INFO:colcon.colcon_core.shell:Creating prefix script '/home/dhruva/trial/install/local_setup.ps1'
[4.048s] INFO:colcon.colcon_core.shell:Creating prefix util module '/home/dhruva/trial/install/_local_setup_util_ps1.py'
[4.050s] INFO:colcon.colcon_core.shell:Creating prefix chain script '/home/dhruva/trial/install/setup.ps1'
[4.051s] INFO:colcon.colcon_core.shell:Creating prefix script '/home/dhruva/trial/install/local_setup.sh'
[4.052s] INFO:colcon.colcon_core.shell:Creating prefix util module '/home/dhruva/trial/install/_local_setup_util_sh.py'
[4.052s] INFO:colcon.colcon_core.shell:Creating prefix chain script '/home/dhruva/trial/install/setup.sh'
[4.053s] INFO:colcon.colcon_core.shell:Creating prefix script '/home/dhruva/trial/install/local_setup.bash'
[4.055s] INFO:colcon.colcon_core.shell:Creating prefix chain script '/home/dhruva/trial/install/setup.bash'
[4.057s] INFO:colcon.colcon_core.shell:Creating prefix script '/home/dhruva/trial/install/local_setup.zsh'
[4.058s] INFO:colcon.colcon_core.shell:Creating prefix chain script '/home/dhruva/trial/install/setup.zsh'
