[0.133s] Invoking command in '/home/dhruva/trial/build/carlike_bot_simulation': CMAKE_PREFIX_PATH=/opt/ros/humble /usr/bin/cmake --build /home/dhruva/trial/build/carlike_bot_simulation -- -j4 -l4
[2.011s] Invoked command in '/home/dhruva/trial/build/carlike_bot_simulation' returned '0': CMAKE_PREFIX_PATH=/opt/ros/humble /usr/bin/cmake --build /home/dhruva/trial/build/carlike_bot_simulation -- -j4 -l4
[2.051s] Invoking command in '/home/dhruva/trial/build/carlike_bot_simulation': CMAKE_PREFIX_PATH=/opt/ros/humble /usr/bin/cmake --install /home/dhruva/trial/build/carlike_bot_simulation
[2.067s] -- Install configuration: ""
[2.086s] -- Execute custom install script
[2.112s] -- Up-to-date symlink: /home/dhruva/trial/install/carlike_bot_simulation/lib/carlike_bot_simulation/camera_subscriber.py
[2.113s] -- Up-to-date symlink: /home/dhruva/trial/install/carlike_bot_simulation/share/carlike_bot_simulation/launch/launch.py
[2.122s] -- Up-to-date symlink: /home/dhruva/trial/install/carlike_bot_simulation/share/carlike_bot_simulation/launch/launch_new.py
[2.130s] -- Up-to-date symlink: /home/dhruva/trial/install/carlike_bot_simulation/share/carlike_bot_simulation/launch/rsp.launch.py
[2.131s] -- Up-to-date symlink: /home/dhruva/trial/install/carlike_bot_simulation/share/carlike_bot_simulation/urdf/carlike_bot.urdf.xacro
[2.149s] -- Up-to-date symlink: /home/dhruva/trial/install/carlike_bot_simulation/share/carlike_bot_simulation/urdf/carlikebot.materials.xacro
[2.156s] -- Up-to-date symlink: /home/dhruva/trial/install/carlike_bot_simulation/share/carlike_bot_simulation/urdf/carlikebot_description.urdf.xacro
[2.209s] -- Up-to-date symlink: /home/dhruva/trial/install/carlike_bot_simulation/share/carlike_bot_simulation/urdf/dada_bot.urdf.xacro
[2.211s] -- Up-to-date symlink: /home/dhruva/trial/install/carlike_bot_simulation/share/ament_index/resource_index/package_run_dependencies/carlike_bot_simulation
[2.213s] -- Up-to-date symlink: /home/dhruva/trial/install/carlike_bot_simulation/share/ament_index/resource_index/parent_prefix_path/carlike_bot_simulation
[2.214s] -- Up-to-date symlink: /home/dhruva/trial/install/carlike_bot_simulation/share/carlike_bot_simulation/environment/ament_prefix_path.sh
[2.216s] -- Up-to-date symlink: /home/dhruva/trial/install/carlike_bot_simulation/share/carlike_bot_simulation/environment/ament_prefix_path.dsv
[2.217s] -- Up-to-date symlink: /home/dhruva/trial/install/carlike_bot_simulation/share/carlike_bot_simulation/environment/path.sh
[2.218s] -- Up-to-date symlink: /home/dhruva/trial/install/carlike_bot_simulation/share/carlike_bot_simulation/environment/path.dsv
[2.219s] -- Up-to-date symlink: /home/dhruva/trial/install/carlike_bot_simulation/share/carlike_bot_simulation/local_setup.bash
[2.220s] -- Up-to-date symlink: /home/dhruva/trial/install/carlike_bot_simulation/share/carlike_bot_simulation/local_setup.sh
[2.222s] -- Up-to-date symlink: /home/dhruva/trial/install/carlike_bot_simulation/share/carlike_bot_simulation/local_setup.zsh
[2.225s] -- Up-to-date symlink: /home/dhruva/trial/install/carlike_bot_simulation/share/carlike_bot_simulation/local_setup.dsv
[2.225s] -- Symlinking: /home/dhruva/trial/install/carlike_bot_simulation/share/carlike_bot_simulation/package.dsv
[2.235s] -- Up-to-date symlink: /home/dhruva/trial/install/carlike_bot_simulation/share/ament_index/resource_index/packages/carlike_bot_simulation
[2.236s] -- Up-to-date symlink: /home/dhruva/trial/install/carlike_bot_simulation/share/carlike_bot_simulation/cmake/carlike_bot_simulationConfig.cmake
[2.237s] -- Up-to-date symlink: /home/dhruva/trial/install/carlike_bot_simulation/share/carlike_bot_simulation/cmake/carlike_bot_simulationConfig-version.cmake
[2.237s] -- Up-to-date symlink: /home/dhruva/trial/install/carlike_bot_simulation/share/carlike_bot_simulation/package.xml
[2.240s] Invoked command in '/home/dhruva/trial/build/carlike_bot_simulation' returned '0': CMAKE_PREFIX_PATH=/opt/ros/humble /usr/bin/cmake --install /home/dhruva/trial/build/carlike_bot_simulation
