[0.172s] Invoking command in '/home/dhruva/trial/build/carlike_bot_simulation': CMAKE_PREFIX_PATH=${CMAKE_PREFIX_PATH}:/opt/ros/humble /usr/bin/cmake /home/dhruva/trial/src/carlike_bot_simulation -DAMENT_CMAKE_SYMLINK_INSTALL=1 -DCMAKE_INSTALL_PREFIX=/home/dhruva/trial/install/carlike_bot_simulation
[0.927s] -- Found ament_cmake: 1.3.10 (/opt/ros/humble/share/ament_cmake/cmake)
[1.578s] -- Override CMake install command with custom implementation using symlinks instead of copying resources
[1.753s] -- Found rclpy: 3.3.14 (/opt/ros/humble/share/rclpy/cmake)
[1.769s] -- Found sensor_msgs: 4.2.4 (/opt/ros/humble/share/sensor_msgs/cmake)
[2.030s] -- Found rosidl_generator_c: 3.1.5 (/opt/ros/humble/share/rosidl_generator_c/cmake)
[2.059s] -- Found rosidl_adapter: 3.1.5 (/opt/ros/humble/share/rosidl_adapter/cmake)
[2.098s] -- Found rosidl_generator_cpp: 3.1.5 (/opt/ros/humble/share/rosidl_generator_cpp/cmake)
[2.152s] -- Using all available rosidl_typesupport_c: rosidl_typesupport_fastrtps_c;rosidl_typesupport_introspection_c
[2.207s] -- Using all available rosidl_typesupport_cpp: rosidl_typesupport_fastrtps_cpp;rosidl_typesupport_introspection_cpp
[2.477s] -- Found gazebo_ros: 3.7.0 (/opt/ros/humble/share/gazebo_ros/cmake)
[2.740s] -- Found rmw_implementation_cmake: 6.1.2 (/opt/ros/humble/share/rmw_implementation_cmake/cmake)
[2.751s] -- Found rmw_fastrtps_cpp: 6.2.7 (/opt/ros/humble/share/rmw_fastrtps_cpp/cmake)
[3.151s] -- Using RMW implementation 'rmw_fastrtps_cpp' as default
[3.899s] -- Found DART: /usr/include (Required is at least version "6.6") found components: dart 
[4.391s] -- Found Protobuf: /usr/lib/x86_64-linux-gnu/libprotobuf.so (found version "3.12.4") 
[4.445s] -- Looking for ignition-math6 -- found version 6.15.1
[4.528s] -- Searching for dependencies of ignition-math6
[4.538s] -- Looking for OGRE...
[4.612s] -- Found Ogre Ghadamon (1.9.0)
[4.635s] -- Found OGRE: optimized;/usr/lib/x86_64-linux-gnu/libOgreMain.so;debug;/usr/lib/x86_64-linux-gnu/libOgreMain.so
[4.665s] -- Looking for OGRE_Paging...
[4.666s] -- Found OGRE_Paging: optimized;/usr/lib/x86_64-linux-gnu/libOgrePaging.so;debug;/usr/lib/x86_64-linux-gnu/libOgrePaging.so
[4.666s] -- Looking for OGRE_Terrain...
[4.666s] -- Found OGRE_Terrain: optimized;/usr/lib/x86_64-linux-gnu/libOgreTerrain.so;debug;/usr/lib/x86_64-linux-gnu/libOgreTerrain.so
[4.667s] -- Looking for OGRE_Property...
[4.668s] -- Found OGRE_Property: optimized;/usr/lib/x86_64-linux-gnu/libOgreProperty.so;debug;/usr/lib/x86_64-linux-gnu/libOgreProperty.so
[4.668s] -- Looking for OGRE_RTShaderSystem...
[4.668s] -- Found OGRE_RTShaderSystem: optimized;/usr/lib/x86_64-linux-gnu/libOgreRTShaderSystem.so;debug;/usr/lib/x86_64-linux-gnu/libOgreRTShaderSystem.so
[4.668s] -- Looking for OGRE_Volume...
[4.669s] -- Found OGRE_Volume: optimized;/usr/lib/x86_64-linux-gnu/libOgreVolume.so;debug;/usr/lib/x86_64-linux-gnu/libOgreVolume.so
[4.669s] -- Looking for OGRE_Overlay...
[4.669s] -- Found OGRE_Overlay: optimized;/usr/lib/x86_64-linux-gnu/libOgreOverlay.so;debug;/usr/lib/x86_64-linux-gnu/libOgreOverlay.so
[4.943s] -- Looking for ignition-math6 -- found version 6.15.1
[4.953s] -- Looking for ignition-transport8 -- found version 8.2.1
[4.954s] -- Searching for dependencies of ignition-transport8
[4.975s] -- Found Protobuf: /usr/lib/x86_64-linux-gnu/libprotobuf.so (found suitable version "3.12.4", minimum required is "3") 
[4.992s] -- Config-file not installed for ZeroMQ -- checking for pkg-config
[5.002s] -- Checking for module 'libzmq >= 4'
[5.159s] --   Found libzmq , version 4.3.4
[5.255s] -- Checking for module 'uuid'
[5.296s] --   Found uuid, version 2.37.2
[5.388s] -- Looking for ignition-msgs5 -- found version 5.8.1
[5.390s] -- Searching for dependencies of ignition-msgs5
[5.421s] -- Looking for ignition-math6 -- found version 6.15.1
[5.430s] -- Checking for module 'tinyxml2'
[5.475s] --   Found tinyxml2, version 9.0.0
[5.560s] -- Looking for ignition-msgs5 -- found version 5.8.1
[5.586s] -- Looking for ignition-common3 -- found version 3.14.0
[5.588s] -- Searching for dependencies of ignition-common3
[5.590s] -- Looking for dlfcn.h - found
[5.590s] -- Looking for libdl - found
[5.633s] -- Searching for <ignition-common3> component [graphics]
[5.668s] -- Looking for ignition-common3-graphics -- found version 3.14.0
[5.670s] -- Searching for dependencies of ignition-common3-graphics
[5.671s] -- Looking for ignition-math6 -- found version 6.15.1
[5.693s] -- Looking for ignition-fuel_tools4 -- found version 4.4.0
[5.695s] -- Searching for dependencies of ignition-fuel_tools4
[5.813s] -- Checking for module 'jsoncpp'
[5.855s] --   Found jsoncpp, version 1.9.5
[5.938s] -- Checking for module 'libzip'
[5.976s] --   Found libzip, version 1.7.3
[6.042s] -- Looking for ignition-common3 -- found version 3.14.0
[6.043s] -- Looking for ignition-math6 -- found version 6.15.1
[6.044s] -- Looking for ignition-msgs5 -- found version 5.8.1
[6.083s] -- Gazebo version: 11.10
[6.108s] -- Found robot_state_publisher: 3.0.3 (/opt/ros/humble/share/robot_state_publisher/cmake)
[6.174s] -- Found eigen3_cmake_module: 0.1.1 (/opt/ros/humble/share/eigen3_cmake_module/cmake)
[6.182s] -- Ensuring Eigen3 include directory is part of orocos-kdl CMake target
[7.100s] -- Configuring done
[7.211s] -- Generating done
[7.222s] -- Build files have been written to: /home/dhruva/trial/build/carlike_bot_simulation
[7.269s] Invoked command in '/home/dhruva/trial/build/carlike_bot_simulation' returned '0': CMAKE_PREFIX_PATH=${CMAKE_PREFIX_PATH}:/opt/ros/humble /usr/bin/cmake /home/dhruva/trial/src/carlike_bot_simulation -DAMENT_CMAKE_SYMLINK_INSTALL=1 -DCMAKE_INSTALL_PREFIX=/home/dhruva/trial/install/carlike_bot_simulation
[7.279s] Invoking command in '/home/dhruva/trial/build/carlike_bot_simulation': CMAKE_PREFIX_PATH=${CMAKE_PREFIX_PATH}:/opt/ros/humble /usr/bin/cmake --build /home/dhruva/trial/build/carlike_bot_simulation -- -j4 -l4
[7.402s] Invoked command in '/home/dhruva/trial/build/carlike_bot_simulation' returned '0': CMAKE_PREFIX_PATH=${CMAKE_PREFIX_PATH}:/opt/ros/humble /usr/bin/cmake --build /home/dhruva/trial/build/carlike_bot_simulation -- -j4 -l4
[7.448s] Invoking command in '/home/dhruva/trial/build/carlike_bot_simulation': CMAKE_PREFIX_PATH=${CMAKE_PREFIX_PATH}:/opt/ros/humble /usr/bin/cmake --install /home/dhruva/trial/build/carlike_bot_simulation
[7.458s] -- Install configuration: ""
[7.459s] -- Execute custom install script
[7.472s] -- Up-to-date symlink: /home/dhruva/trial/install/carlike_bot_simulation/lib/carlike_bot_simulation/camera_subscriber.py
[7.498s] -- Up-to-date symlink: /home/dhruva/trial/install/carlike_bot_simulation/share/carlike_bot_simulation/launch/camera.launch.py
[7.535s] -- Up-to-date symlink: /home/dhruva/trial/install/carlike_bot_simulation/share/carlike_bot_simulation/launch/joystick.launch.py
[7.551s] -- Up-to-date symlink: /home/dhruva/trial/install/carlike_bot_simulation/share/carlike_bot_simulation/launch/launch.py
[7.573s] -- Up-to-date symlink: /home/dhruva/trial/install/carlike_bot_simulation/share/carlike_bot_simulation/launch/launch_new.py
[7.584s] -- Up-to-date symlink: /home/dhruva/trial/install/carlike_bot_simulation/share/carlike_bot_simulation/launch/launch_sim.launch.py
[7.614s] -- Up-to-date symlink: /home/dhruva/trial/install/carlike_bot_simulation/share/carlike_bot_simulation/launch/rsp.launch.py
[7.652s] -- Up-to-date symlink: /home/dhruva/trial/install/carlike_bot_simulation/share/carlike_bot_simulation/urdf/camera.xacro
[7.655s] -- Up-to-date symlink: /home/dhruva/trial/install/carlike_bot_simulation/share/carlike_bot_simulation/urdf/carlike_bot.urdf.xacro
[7.681s] -- Up-to-date symlink: /home/dhruva/trial/install/carlike_bot_simulation/share/carlike_bot_simulation/urdf/carlikebot.materials.xacro
[7.698s] -- Up-to-date symlink: /home/dhruva/trial/install/carlike_bot_simulation/share/carlike_bot_simulation/urdf/carlikebot_description.urdf.xacro
[7.724s] -- Up-to-date symlink: /home/dhruva/trial/install/carlike_bot_simulation/share/carlike_bot_simulation/urdf/dada_bot.urdf.xacro
[7.751s] -- Up-to-date symlink: /home/dhruva/trial/install/carlike_bot_simulation/share/carlike_bot_simulation/urdf/gazebo_control.xacro
[7.752s] -- Up-to-date symlink: /home/dhruva/trial/install/carlike_bot_simulation/share/carlike_bot_simulation/urdf/inertial_macros.xacro
[7.771s] -- Up-to-date symlink: /home/dhruva/trial/install/carlike_bot_simulation/share/carlike_bot_simulation/urdf/robot.urdf.xacro
[7.772s] -- Up-to-date symlink: /home/dhruva/trial/install/carlike_bot_simulation/share/ament_index/resource_index/package_run_dependencies/carlike_bot_simulation
[7.775s] -- Up-to-date symlink: /home/dhruva/trial/install/carlike_bot_simulation/share/ament_index/resource_index/parent_prefix_path/carlike_bot_simulation
[7.777s] -- Up-to-date symlink: /home/dhruva/trial/install/carlike_bot_simulation/share/carlike_bot_simulation/environment/ament_prefix_path.sh
[7.778s] -- Up-to-date symlink: /home/dhruva/trial/install/carlike_bot_simulation/share/carlike_bot_simulation/environment/ament_prefix_path.dsv
[7.781s] -- Up-to-date symlink: /home/dhruva/trial/install/carlike_bot_simulation/share/carlike_bot_simulation/environment/path.sh
[7.783s] -- Up-to-date symlink: /home/dhruva/trial/install/carlike_bot_simulation/share/carlike_bot_simulation/environment/path.dsv
[7.785s] -- Up-to-date symlink: /home/dhruva/trial/install/carlike_bot_simulation/share/carlike_bot_simulation/local_setup.bash
[7.787s] -- Up-to-date symlink: /home/dhruva/trial/install/carlike_bot_simulation/share/carlike_bot_simulation/local_setup.sh
[7.788s] -- Up-to-date symlink: /home/dhruva/trial/install/carlike_bot_simulation/share/carlike_bot_simulation/local_setup.zsh
[7.790s] -- Up-to-date symlink: /home/dhruva/trial/install/carlike_bot_simulation/share/carlike_bot_simulation/local_setup.dsv
[7.790s] -- Symlinking: /home/dhruva/trial/install/carlike_bot_simulation/share/carlike_bot_simulation/package.dsv
[7.814s] -- Up-to-date symlink: /home/dhruva/trial/install/carlike_bot_simulation/share/ament_index/resource_index/packages/carlike_bot_simulation
[7.815s] -- Up-to-date symlink: /home/dhruva/trial/install/carlike_bot_simulation/share/carlike_bot_simulation/cmake/carlike_bot_simulationConfig.cmake
[7.817s] -- Up-to-date symlink: /home/dhruva/trial/install/carlike_bot_simulation/share/carlike_bot_simulation/cmake/carlike_bot_simulationConfig-version.cmake
[7.817s] -- Up-to-date symlink: /home/dhruva/trial/install/carlike_bot_simulation/share/carlike_bot_simulation/package.xml
[7.821s] Invoked command in '/home/dhruva/trial/build/carlike_bot_simulation' returned '0': CMAKE_PREFIX_PATH=${CMAKE_PREFIX_PATH}:/opt/ros/humble /usr/bin/cmake --install /home/dhruva/trial/build/carlike_bot_simulation
