[0.669s] DEBUG:colcon:Command line arguments: ['/usr/bin/colcon', 'build', '--symlink-install']
[0.669s] DEBUG:colcon:Parsed command line arguments: Namespace(log_base=None, log_level=None, verb_name='build', build_base='build', install_base='install', merge_install=False, symlink_install=True, test_result_base=None, continue_on_error=False, executor='parallel', parallel_workers=4, event_handlers=None, ignore_user_meta=False, metas=['./colcon.meta'], base_paths=['.'], packages_ignore=None, packages_ignore_regex=None, paths=None, packages_up_to=None, packages_up_to_regex=None, packages_above=None, packages_above_and_dependencies=None, packages_above_depth=None, packages_select_by_dep=None, packages_skip_by_dep=None, packages_skip_up_to=None, packages_select_build_failed=False, packages_skip_build_finished=False, packages_select_test_failures=False, packages_skip_test_passed=False, packages_select=None, packages_skip=None, packages_select_regex=None, packages_skip_regex=None, packages_start=None, packages_end=None, allow_overriding=[], cmake_args=None, cmake_target=None, cmake_target_skip_unavailable=False, cmake_clean_cache=False, cmake_clean_first=False, cmake_force_configure=False, ament_cmake_args=None, catkin_cmake_args=None, catkin_skip_building_tests=False, mixin_files=None, mixin=None, verb_parser=<colcon_mixin.mixin.mixin_argument.MixinArgumentDecorator object at 0x746d73f428c0>, verb_extension=<colcon_core.verb.build.BuildVerb object at 0x746d740f02e0>, main=<bound method BuildVerb.main of <colcon_core.verb.build.BuildVerb object at 0x746d740f02e0>>, mixin_verb=('build',))
[4.885s] Level 1:colcon.colcon_core.package_discovery:discover_packages(colcon_meta) check parameters
[4.885s] Level 1:colcon.colcon_core.package_discovery:discover_packages(recursive) check parameters
[4.885s] Level 1:colcon.colcon_core.package_discovery:discover_packages(ignore) check parameters
[4.885s] Level 1:colcon.colcon_core.package_discovery:discover_packages(path) check parameters
[4.885s] Level 1:colcon.colcon_core.package_discovery:discover_packages(colcon_meta) discover
[4.885s] Level 1:colcon.colcon_core.package_discovery:discover_packages(recursive) discover
[4.885s] INFO:colcon.colcon_core.package_discovery:Crawling recursively for packages in '/home/dhruva/trial'
[4.885s] Level 1:colcon.colcon_core.package_identification:_identify(.) by extensions ['ignore', 'ignore_ament_install']
[4.886s] Level 1:colcon.colcon_core.package_identification:_identify(.) by extension 'ignore'
[4.886s] Level 1:colcon.colcon_core.package_identification:_identify(.) by extension 'ignore_ament_install'
[4.886s] Level 1:colcon.colcon_core.package_identification:_identify(.) by extensions ['colcon_pkg']
[4.886s] Level 1:colcon.colcon_core.package_identification:_identify(.) by extension 'colcon_pkg'
[4.886s] Level 1:colcon.colcon_core.package_identification:_identify(.) by extensions ['colcon_meta']
[4.886s] Level 1:colcon.colcon_core.package_identification:_identify(.) by extension 'colcon_meta'
[4.886s] Level 1:colcon.colcon_core.package_identification:_identify(.) by extensions ['ros']
[4.886s] Level 1:colcon.colcon_core.package_identification:_identify(.) by extension 'ros'
[4.944s] Level 1:colcon.colcon_core.package_identification:_identify(.) by extensions ['cmake', 'python']
[4.944s] Level 1:colcon.colcon_core.package_identification:_identify(.) by extension 'cmake'
[4.944s] Level 1:colcon.colcon_core.package_identification:_identify(.) by extension 'python'
[4.944s] Level 1:colcon.colcon_core.package_identification:_identify(.) by extensions ['python_setup_py']
[4.944s] Level 1:colcon.colcon_core.package_identification:_identify(.) by extension 'python_setup_py'
[4.944s] Level 1:colcon.colcon_core.package_identification:_identify(build) by extensions ['ignore', 'ignore_ament_install']
[4.944s] Level 1:colcon.colcon_core.package_identification:_identify(build) by extension 'ignore'
[4.944s] Level 1:colcon.colcon_core.package_identification:_identify(build) ignored
[4.944s] Level 1:colcon.colcon_core.package_identification:_identify(install) by extensions ['ignore', 'ignore_ament_install']
[4.944s] Level 1:colcon.colcon_core.package_identification:_identify(install) by extension 'ignore'
[4.944s] Level 1:colcon.colcon_core.package_identification:_identify(install) ignored
[4.944s] Level 1:colcon.colcon_core.package_identification:_identify(log) by extensions ['ignore', 'ignore_ament_install']
[4.945s] Level 1:colcon.colcon_core.package_identification:_identify(log) by extension 'ignore'
[4.945s] Level 1:colcon.colcon_core.package_identification:_identify(log) ignored
[4.945s] Level 1:colcon.colcon_core.package_identification:_identify(src) by extensions ['ignore', 'ignore_ament_install']
[4.945s] Level 1:colcon.colcon_core.package_identification:_identify(src) by extension 'ignore'
[4.945s] Level 1:colcon.colcon_core.package_identification:_identify(src) by extension 'ignore_ament_install'
[4.945s] Level 1:colcon.colcon_core.package_identification:_identify(src) by extensions ['colcon_pkg']
[4.945s] Level 1:colcon.colcon_core.package_identification:_identify(src) by extension 'colcon_pkg'
[4.945s] Level 1:colcon.colcon_core.package_identification:_identify(src) by extensions ['colcon_meta']
[4.945s] Level 1:colcon.colcon_core.package_identification:_identify(src) by extension 'colcon_meta'
[4.945s] Level 1:colcon.colcon_core.package_identification:_identify(src) by extensions ['ros']
[4.945s] Level 1:colcon.colcon_core.package_identification:_identify(src) by extension 'ros'
[4.945s] Level 1:colcon.colcon_core.package_identification:_identify(src) by extensions ['cmake', 'python']
[4.945s] Level 1:colcon.colcon_core.package_identification:_identify(src) by extension 'cmake'
[4.945s] Level 1:colcon.colcon_core.package_identification:_identify(src) by extension 'python'
[4.945s] Level 1:colcon.colcon_core.package_identification:_identify(src) by extensions ['python_setup_py']
[4.945s] Level 1:colcon.colcon_core.package_identification:_identify(src) by extension 'python_setup_py'
[4.945s] Level 1:colcon.colcon_core.package_identification:_identify(src/carlike_bot_simulation) by extensions ['ignore', 'ignore_ament_install']
[4.945s] Level 1:colcon.colcon_core.package_identification:_identify(src/carlike_bot_simulation) by extension 'ignore'
[4.945s] Level 1:colcon.colcon_core.package_identification:_identify(src/carlike_bot_simulation) by extension 'ignore_ament_install'
[4.946s] Level 1:colcon.colcon_core.package_identification:_identify(src/carlike_bot_simulation) by extensions ['colcon_pkg']
[4.946s] Level 1:colcon.colcon_core.package_identification:_identify(src/carlike_bot_simulation) by extension 'colcon_pkg'
[4.946s] Level 1:colcon.colcon_core.package_identification:_identify(src/carlike_bot_simulation) by extensions ['colcon_meta']
[4.946s] Level 1:colcon.colcon_core.package_identification:_identify(src/carlike_bot_simulation) by extension 'colcon_meta'
[4.946s] Level 1:colcon.colcon_core.package_identification:_identify(src/carlike_bot_simulation) by extensions ['ros']
[4.946s] Level 1:colcon.colcon_core.package_identification:_identify(src/carlike_bot_simulation) by extension 'ros'
[4.981s] DEBUG:colcon.colcon_core.package_identification:Package 'src/carlike_bot_simulation' with type 'ros.ament_cmake' and name 'carlike_bot_simulation'
[4.982s] Level 1:colcon.colcon_core.package_discovery:discover_packages(recursive) using defaults
[4.982s] Level 1:colcon.colcon_core.package_discovery:discover_packages(ignore) discover
[4.982s] Level 1:colcon.colcon_core.package_discovery:discover_packages(ignore) using defaults
[4.982s] Level 1:colcon.colcon_core.package_discovery:discover_packages(path) discover
[4.982s] Level 1:colcon.colcon_core.package_discovery:discover_packages(path) using defaults
[5.307s] Level 1:colcon.colcon_core.package_discovery:discover_packages(prefix_path) check parameters
[5.307s] Level 1:colcon.colcon_core.package_discovery:discover_packages(prefix_path) discover
[5.371s] DEBUG:colcon.colcon_installed_package_information.package_discovery:Found 387 installed packages in /opt/ros/humble
[5.375s] Level 1:colcon.colcon_core.package_discovery:discover_packages(prefix_path) using defaults
[7.969s] Level 5:colcon.colcon_core.verb:set package 'carlike_bot_simulation' build argument 'cmake_args' from command line to 'None'
[7.969s] Level 5:colcon.colcon_core.verb:set package 'carlike_bot_simulation' build argument 'cmake_target' from command line to 'None'
[7.969s] Level 5:colcon.colcon_core.verb:set package 'carlike_bot_simulation' build argument 'cmake_target_skip_unavailable' from command line to 'False'
[7.969s] Level 5:colcon.colcon_core.verb:set package 'carlike_bot_simulation' build argument 'cmake_clean_cache' from command line to 'False'
[7.969s] Level 5:colcon.colcon_core.verb:set package 'carlike_bot_simulation' build argument 'cmake_clean_first' from command line to 'False'
[7.969s] Level 5:colcon.colcon_core.verb:set package 'carlike_bot_simulation' build argument 'cmake_force_configure' from command line to 'False'
[7.969s] Level 5:colcon.colcon_core.verb:set package 'carlike_bot_simulation' build argument 'ament_cmake_args' from command line to 'None'
[7.969s] Level 5:colcon.colcon_core.verb:set package 'carlike_bot_simulation' build argument 'catkin_cmake_args' from command line to 'None'
[7.969s] Level 5:colcon.colcon_core.verb:set package 'carlike_bot_simulation' build argument 'catkin_skip_building_tests' from command line to 'False'
[7.969s] DEBUG:colcon.colcon_core.verb:Building package 'carlike_bot_simulation' with the following arguments: {'ament_cmake_args': None, 'build_base': '/home/dhruva/trial/build/carlike_bot_simulation', 'catkin_cmake_args': None, 'catkin_skip_building_tests': False, 'cmake_args': None, 'cmake_clean_cache': False, 'cmake_clean_first': False, 'cmake_force_configure': False, 'cmake_target': None, 'cmake_target_skip_unavailable': False, 'install_base': '/home/dhruva/trial/install/carlike_bot_simulation', 'merge_install': False, 'path': '/home/dhruva/trial/src/carlike_bot_simulation', 'symlink_install': True, 'test_result_base': None}
[7.969s] INFO:colcon.colcon_core.executor:Executing jobs using 'parallel' executor
[7.971s] DEBUG:colcon.colcon_parallel_executor.executor.parallel:run_until_complete
[7.971s] INFO:colcon.colcon_ros.task.ament_cmake.build:Building ROS package in '/home/dhruva/trial/src/carlike_bot_simulation' with build type 'ament_cmake'
[7.972s] INFO:colcon.colcon_cmake.task.cmake.build:Building CMake package in '/home/dhruva/trial/src/carlike_bot_simulation'
[8.053s] INFO:colcon.colcon_core.plugin_system:Skipping extension 'colcon_core.shell.bat': Not used on non-Windows systems
[8.053s] INFO:colcon.colcon_core.shell:Skip shell extension 'powershell' for command environment: Not usable outside of PowerShell
[8.053s] DEBUG:colcon.colcon_core.shell:Skip shell extension 'dsv' for command environment
[8.153s] DEBUG:colcon.colcon_core.event_handler.log_command:Invoking command in '/home/dhruva/trial/build/carlike_bot_simulation': CMAKE_PREFIX_PATH=/opt/ros/humble /usr/bin/cmake --build /home/dhruva/trial/build/carlike_bot_simulation -- -j4 -l4
[9.215s] DEBUG:colcon.colcon_core.event_handler.log_command:Invoked command in '/home/dhruva/trial/build/carlike_bot_simulation' returned '0': CMAKE_PREFIX_PATH=/opt/ros/humble /usr/bin/cmake --build /home/dhruva/trial/build/carlike_bot_simulation -- -j4 -l4
[9.269s] DEBUG:colcon.colcon_core.event_handler.log_command:Invoking command in '/home/dhruva/trial/build/carlike_bot_simulation': CMAKE_PREFIX_PATH=/opt/ros/humble /usr/bin/cmake --install /home/dhruva/trial/build/carlike_bot_simulation
[9.480s] Level 1:colcon.colcon_core.environment:create_environment_scripts_only(carlike_bot_simulation)
[9.483s] DEBUG:colcon.colcon_core.event_handler.log_command:Invoked command in '/home/dhruva/trial/build/carlike_bot_simulation' returned '0': CMAKE_PREFIX_PATH=/opt/ros/humble /usr/bin/cmake --install /home/dhruva/trial/build/carlike_bot_simulation
[9.529s] Level 1:colcon.colcon_core.environment:checking '/home/dhruva/trial/install/carlike_bot_simulation' for CMake module files
[9.530s] Level 1:colcon.colcon_core.environment:checking '/home/dhruva/trial/install/carlike_bot_simulation' for CMake config files
[9.530s] Level 1:colcon.colcon_core.shell:create_environment_hook('carlike_bot_simulation', 'cmake_prefix_path')
[9.531s] INFO:colcon.colcon_core.shell:Creating environment hook '/home/dhruva/trial/install/carlike_bot_simulation/share/carlike_bot_simulation/hook/cmake_prefix_path.ps1'
[9.549s] INFO:colcon.colcon_core.shell:Creating environment descriptor '/home/dhruva/trial/install/carlike_bot_simulation/share/carlike_bot_simulation/hook/cmake_prefix_path.dsv'
[9.551s] INFO:colcon.colcon_core.shell:Creating environment hook '/home/dhruva/trial/install/carlike_bot_simulation/share/carlike_bot_simulation/hook/cmake_prefix_path.sh'
[9.554s] Level 1:colcon.colcon_core.environment:checking '/home/dhruva/trial/install/carlike_bot_simulation/lib'
[9.554s] Level 1:colcon.colcon_core.environment:checking '/home/dhruva/trial/install/carlike_bot_simulation/bin'
[9.554s] Level 1:colcon.colcon_core.environment:checking '/home/dhruva/trial/install/carlike_bot_simulation/lib/pkgconfig/carlike_bot_simulation.pc'
[9.554s] Level 1:colcon.colcon_core.environment:checking '/home/dhruva/trial/install/carlike_bot_simulation/lib/python3.10/site-packages'
[9.554s] Level 1:colcon.colcon_core.environment:checking '/home/dhruva/trial/install/carlike_bot_simulation/bin'
[9.555s] INFO:colcon.colcon_core.shell:Creating package script '/home/dhruva/trial/install/carlike_bot_simulation/share/carlike_bot_simulation/package.ps1'
[9.556s] INFO:colcon.colcon_core.shell:Creating package descriptor '/home/dhruva/trial/install/carlike_bot_simulation/share/carlike_bot_simulation/package.dsv'
[9.558s] INFO:colcon.colcon_core.shell:Creating package script '/home/dhruva/trial/install/carlike_bot_simulation/share/carlike_bot_simulation/package.sh'
[9.560s] INFO:colcon.colcon_core.shell:Creating package script '/home/dhruva/trial/install/carlike_bot_simulation/share/carlike_bot_simulation/package.bash'
[9.567s] INFO:colcon.colcon_core.shell:Creating package script '/home/dhruva/trial/install/carlike_bot_simulation/share/carlike_bot_simulation/package.zsh'
[9.579s] Level 1:colcon.colcon_core.environment:create_file_with_runtime_dependencies(/home/dhruva/trial/install/carlike_bot_simulation/share/colcon-core/packages/carlike_bot_simulation)
[9.607s] Level 1:colcon.colcon_core.environment:create_environment_scripts_only(carlike_bot_simulation)
[9.607s] Level 1:colcon.colcon_core.environment:checking '/home/dhruva/trial/install/carlike_bot_simulation' for CMake module files
[9.608s] Level 1:colcon.colcon_core.environment:checking '/home/dhruva/trial/install/carlike_bot_simulation' for CMake config files
[9.608s] Level 1:colcon.colcon_core.shell:create_environment_hook('carlike_bot_simulation', 'cmake_prefix_path')
[9.608s] INFO:colcon.colcon_core.shell:Creating environment hook '/home/dhruva/trial/install/carlike_bot_simulation/share/carlike_bot_simulation/hook/cmake_prefix_path.ps1'
[9.609s] INFO:colcon.colcon_core.shell:Creating environment descriptor '/home/dhruva/trial/install/carlike_bot_simulation/share/carlike_bot_simulation/hook/cmake_prefix_path.dsv'
[9.610s] INFO:colcon.colcon_core.shell:Creating environment hook '/home/dhruva/trial/install/carlike_bot_simulation/share/carlike_bot_simulation/hook/cmake_prefix_path.sh'
[9.611s] Level 1:colcon.colcon_core.environment:checking '/home/dhruva/trial/install/carlike_bot_simulation/lib'
[9.611s] Level 1:colcon.colcon_core.environment:checking '/home/dhruva/trial/install/carlike_bot_simulation/bin'
[9.612s] Level 1:colcon.colcon_core.environment:checking '/home/dhruva/trial/install/carlike_bot_simulation/lib/pkgconfig/carlike_bot_simulation.pc'
[9.612s] Level 1:colcon.colcon_core.environment:checking '/home/dhruva/trial/install/carlike_bot_simulation/lib/python3.10/site-packages'
[9.612s] Level 1:colcon.colcon_core.environment:checking '/home/dhruva/trial/install/carlike_bot_simulation/bin'
[9.612s] INFO:colcon.colcon_core.shell:Creating package script '/home/dhruva/trial/install/carlike_bot_simulation/share/carlike_bot_simulation/package.ps1'
[9.614s] INFO:colcon.colcon_core.shell:Creating package descriptor '/home/dhruva/trial/install/carlike_bot_simulation/share/carlike_bot_simulation/package.dsv'
[9.614s] INFO:colcon.colcon_core.shell:Creating package script '/home/dhruva/trial/install/carlike_bot_simulation/share/carlike_bot_simulation/package.sh'
[9.615s] INFO:colcon.colcon_core.shell:Creating package script '/home/dhruva/trial/install/carlike_bot_simulation/share/carlike_bot_simulation/package.bash'
[9.616s] INFO:colcon.colcon_core.shell:Creating package script '/home/dhruva/trial/install/carlike_bot_simulation/share/carlike_bot_simulation/package.zsh'
[9.616s] Level 1:colcon.colcon_core.environment:create_file_with_runtime_dependencies(/home/dhruva/trial/install/carlike_bot_simulation/share/colcon-core/packages/carlike_bot_simulation)
[9.617s] DEBUG:colcon.colcon_parallel_executor.executor.parallel:closing loop
[9.617s] DEBUG:colcon.colcon_parallel_executor.executor.parallel:loop closed
[9.617s] DEBUG:colcon.colcon_parallel_executor.executor.parallel:run_until_complete finished with '0'
[9.617s] DEBUG:colcon.colcon_core.event_reactor:joining thread
[9.729s] INFO:colcon.colcon_core.plugin_system:Skipping extension 'colcon_notification.desktop_notification.terminal_notifier': Not used on non-Darwin systems
[9.729s] INFO:colcon.colcon_core.plugin_system:Skipping extension 'colcon_notification.desktop_notification.win32': Not used on non-Windows systems
[9.729s] INFO:colcon.colcon_notification.desktop_notification:Sending desktop notification using 'notify2'
[9.775s] DEBUG:colcon.colcon_core.event_reactor:joined thread
[9.776s] INFO:colcon.colcon_core.shell:Creating prefix script '/home/dhruva/trial/install/local_setup.ps1'
[9.779s] INFO:colcon.colcon_core.shell:Creating prefix util module '/home/dhruva/trial/install/_local_setup_util_ps1.py'
[9.783s] INFO:colcon.colcon_core.shell:Creating prefix chain script '/home/dhruva/trial/install/setup.ps1'
[9.785s] INFO:colcon.colcon_core.shell:Creating prefix script '/home/dhruva/trial/install/local_setup.sh'
[9.788s] INFO:colcon.colcon_core.shell:Creating prefix util module '/home/dhruva/trial/install/_local_setup_util_sh.py'
[9.790s] INFO:colcon.colcon_core.shell:Creating prefix chain script '/home/dhruva/trial/install/setup.sh'
[9.797s] INFO:colcon.colcon_core.shell:Creating prefix script '/home/dhruva/trial/install/local_setup.bash'
[9.799s] INFO:colcon.colcon_core.shell:Creating prefix chain script '/home/dhruva/trial/install/setup.bash'
[9.803s] INFO:colcon.colcon_core.shell:Creating prefix script '/home/dhruva/trial/install/local_setup.zsh'
[9.808s] INFO:colcon.colcon_core.shell:Creating prefix chain script '/home/dhruva/trial/install/setup.zsh'
