[0.604s] DEBUG:colcon:Command line arguments: ['/usr/bin/colcon', 'build']
[0.605s] DEBUG:colcon:Parsed command line arguments: Namespace(log_base=None, log_level=None, verb_name='build', build_base='build', install_base='install', merge_install=False, symlink_install=False, test_result_base=None, continue_on_error=False, executor='parallel', parallel_workers=4, event_handlers=None, ignore_user_meta=False, metas=['./colcon.meta'], base_paths=['.'], packages_ignore=None, packages_ignore_regex=None, paths=None, packages_up_to=None, packages_up_to_regex=None, packages_above=None, packages_above_and_dependencies=None, packages_above_depth=None, packages_select_by_dep=None, packages_skip_by_dep=None, packages_skip_up_to=None, packages_select_build_failed=False, packages_skip_build_finished=False, packages_select_test_failures=False, packages_skip_test_passed=False, packages_select=None, packages_skip=None, packages_select_regex=None, packages_skip_regex=None, packages_start=None, packages_end=None, allow_overriding=[], cmake_args=None, cmake_target=None, cmake_target_skip_unavailable=False, cmake_clean_cache=False, cmake_clean_first=False, cmake_force_configure=False, ament_cmake_args=None, catkin_cmake_args=None, catkin_skip_building_tests=False, mixin_files=None, mixin=None, verb_parser=<colcon_mixin.mixin.mixin_argument.MixinArgumentDecorator object at 0x7560799333a0>, verb_extension=<colcon_core.verb.build.BuildVerb object at 0x756079ae08e0>, main=<bound method BuildVerb.main of <colcon_core.verb.build.BuildVerb object at 0x756079ae08e0>>, mixin_verb=('build',))
[4.036s] Level 1:colcon.colcon_core.package_discovery:discover_packages(colcon_meta) check parameters
[4.037s] Level 1:colcon.colcon_core.package_discovery:discover_packages(recursive) check parameters
[4.037s] Level 1:colcon.colcon_core.package_discovery:discover_packages(ignore) check parameters
[4.037s] Level 1:colcon.colcon_core.package_discovery:discover_packages(path) check parameters
[4.037s] Level 1:colcon.colcon_core.package_discovery:discover_packages(colcon_meta) discover
[4.037s] Level 1:colcon.colcon_core.package_discovery:discover_packages(recursive) discover
[4.037s] INFO:colcon.colcon_core.package_discovery:Crawling recursively for packages in '/home/dhruva/trial'
[4.038s] Level 1:colcon.colcon_core.package_identification:_identify(.) by extensions ['ignore', 'ignore_ament_install']
[4.038s] Level 1:colcon.colcon_core.package_identification:_identify(.) by extension 'ignore'
[4.038s] Level 1:colcon.colcon_core.package_identification:_identify(.) by extension 'ignore_ament_install'
[4.038s] Level 1:colcon.colcon_core.package_identification:_identify(.) by extensions ['colcon_pkg']
[4.038s] Level 1:colcon.colcon_core.package_identification:_identify(.) by extension 'colcon_pkg'
[4.038s] Level 1:colcon.colcon_core.package_identification:_identify(.) by extensions ['colcon_meta']
[4.038s] Level 1:colcon.colcon_core.package_identification:_identify(.) by extension 'colcon_meta'
[4.038s] Level 1:colcon.colcon_core.package_identification:_identify(.) by extensions ['ros']
[4.038s] Level 1:colcon.colcon_core.package_identification:_identify(.) by extension 'ros'
[4.054s] Level 1:colcon.colcon_core.package_identification:_identify(.) by extensions ['cmake', 'python']
[4.054s] Level 1:colcon.colcon_core.package_identification:_identify(.) by extension 'cmake'
[4.054s] Level 1:colcon.colcon_core.package_identification:_identify(.) by extension 'python'
[4.054s] Level 1:colcon.colcon_core.package_identification:_identify(.) by extensions ['python_setup_py']
[4.054s] Level 1:colcon.colcon_core.package_identification:_identify(.) by extension 'python_setup_py'
[4.071s] Level 1:colcon.colcon_core.package_identification:_identify(build) by extensions ['ignore', 'ignore_ament_install']
[4.071s] Level 1:colcon.colcon_core.package_identification:_identify(build) by extension 'ignore'
[4.071s] Level 1:colcon.colcon_core.package_identification:_identify(build) ignored
[4.072s] Level 1:colcon.colcon_core.package_identification:_identify(install) by extensions ['ignore', 'ignore_ament_install']
[4.073s] Level 1:colcon.colcon_core.package_identification:_identify(install) by extension 'ignore'
[4.073s] Level 1:colcon.colcon_core.package_identification:_identify(install) ignored
[4.073s] Level 1:colcon.colcon_core.package_identification:_identify(log) by extensions ['ignore', 'ignore_ament_install']
[4.073s] Level 1:colcon.colcon_core.package_identification:_identify(log) by extension 'ignore'
[4.073s] Level 1:colcon.colcon_core.package_identification:_identify(log) ignored
[4.090s] Level 1:colcon.colcon_core.package_identification:_identify(src) by extensions ['ignore', 'ignore_ament_install']
[4.090s] Level 1:colcon.colcon_core.package_identification:_identify(src) by extension 'ignore'
[4.090s] Level 1:colcon.colcon_core.package_identification:_identify(src) by extension 'ignore_ament_install'
[4.090s] Level 1:colcon.colcon_core.package_identification:_identify(src) by extensions ['colcon_pkg']
[4.090s] Level 1:colcon.colcon_core.package_identification:_identify(src) by extension 'colcon_pkg'
[4.091s] Level 1:colcon.colcon_core.package_identification:_identify(src) by extensions ['colcon_meta']
[4.091s] Level 1:colcon.colcon_core.package_identification:_identify(src) by extension 'colcon_meta'
[4.091s] Level 1:colcon.colcon_core.package_identification:_identify(src) by extensions ['ros']
[4.091s] Level 1:colcon.colcon_core.package_identification:_identify(src) by extension 'ros'
[4.091s] Level 1:colcon.colcon_core.package_identification:_identify(src) by extensions ['cmake', 'python']
[4.091s] Level 1:colcon.colcon_core.package_identification:_identify(src) by extension 'cmake'
[4.091s] Level 1:colcon.colcon_core.package_identification:_identify(src) by extension 'python'
[4.091s] Level 1:colcon.colcon_core.package_identification:_identify(src) by extensions ['python_setup_py']
[4.091s] Level 1:colcon.colcon_core.package_identification:_identify(src) by extension 'python_setup_py'
[4.092s] Level 1:colcon.colcon_core.package_identification:_identify(src/carlike_bot_simulation) by extensions ['ignore', 'ignore_ament_install']
[4.092s] Level 1:colcon.colcon_core.package_identification:_identify(src/carlike_bot_simulation) by extension 'ignore'
[4.092s] Level 1:colcon.colcon_core.package_identification:_identify(src/carlike_bot_simulation) by extension 'ignore_ament_install'
[4.092s] Level 1:colcon.colcon_core.package_identification:_identify(src/carlike_bot_simulation) by extensions ['colcon_pkg']
[4.092s] Level 1:colcon.colcon_core.package_identification:_identify(src/carlike_bot_simulation) by extension 'colcon_pkg'
[4.092s] Level 1:colcon.colcon_core.package_identification:_identify(src/carlike_bot_simulation) by extensions ['colcon_meta']
[4.092s] Level 1:colcon.colcon_core.package_identification:_identify(src/carlike_bot_simulation) by extension 'colcon_meta'
[4.092s] Level 1:colcon.colcon_core.package_identification:_identify(src/carlike_bot_simulation) by extensions ['ros']
[4.092s] Level 1:colcon.colcon_core.package_identification:_identify(src/carlike_bot_simulation) by extension 'ros'
[4.121s] DEBUG:colcon.colcon_core.package_identification:Package 'src/carlike_bot_simulation' with type 'ros.ament_cmake' and name 'carlike_bot_simulation'
[4.121s] Level 1:colcon.colcon_core.package_discovery:discover_packages(recursive) using defaults
[4.121s] Level 1:colcon.colcon_core.package_discovery:discover_packages(ignore) discover
[4.121s] Level 1:colcon.colcon_core.package_discovery:discover_packages(ignore) using defaults
[4.121s] Level 1:colcon.colcon_core.package_discovery:discover_packages(path) discover
[4.121s] Level 1:colcon.colcon_core.package_discovery:discover_packages(path) using defaults
[4.343s] Level 1:colcon.colcon_core.package_discovery:discover_packages(prefix_path) check parameters
[4.344s] Level 1:colcon.colcon_core.package_discovery:discover_packages(prefix_path) discover
[4.383s] DEBUG:colcon.colcon_installed_package_information.package_discovery:Found 2 installed packages in /home/dhruva/ros2_ws/install
[4.411s] DEBUG:colcon.colcon_installed_package_information.package_discovery:Found 385 installed packages in /opt/ros/humble
[4.415s] Level 1:colcon.colcon_core.package_discovery:discover_packages(prefix_path) using defaults
[6.869s] Level 5:colcon.colcon_core.verb:set package 'carlike_bot_simulation' build argument 'cmake_args' from command line to 'None'
[6.869s] Level 5:colcon.colcon_core.verb:set package 'carlike_bot_simulation' build argument 'cmake_target' from command line to 'None'
[6.869s] Level 5:colcon.colcon_core.verb:set package 'carlike_bot_simulation' build argument 'cmake_target_skip_unavailable' from command line to 'False'
[6.869s] Level 5:colcon.colcon_core.verb:set package 'carlike_bot_simulation' build argument 'cmake_clean_cache' from command line to 'False'
[6.869s] Level 5:colcon.colcon_core.verb:set package 'carlike_bot_simulation' build argument 'cmake_clean_first' from command line to 'False'
[6.869s] Level 5:colcon.colcon_core.verb:set package 'carlike_bot_simulation' build argument 'cmake_force_configure' from command line to 'False'
[6.869s] Level 5:colcon.colcon_core.verb:set package 'carlike_bot_simulation' build argument 'ament_cmake_args' from command line to 'None'
[6.869s] Level 5:colcon.colcon_core.verb:set package 'carlike_bot_simulation' build argument 'catkin_cmake_args' from command line to 'None'
[6.869s] Level 5:colcon.colcon_core.verb:set package 'carlike_bot_simulation' build argument 'catkin_skip_building_tests' from command line to 'False'
[6.869s] DEBUG:colcon.colcon_core.verb:Building package 'carlike_bot_simulation' with the following arguments: {'ament_cmake_args': None, 'build_base': '/home/dhruva/trial/build/carlike_bot_simulation', 'catkin_cmake_args': None, 'catkin_skip_building_tests': False, 'cmake_args': None, 'cmake_clean_cache': False, 'cmake_clean_first': False, 'cmake_force_configure': False, 'cmake_target': None, 'cmake_target_skip_unavailable': False, 'install_base': '/home/dhruva/trial/install/carlike_bot_simulation', 'merge_install': False, 'path': '/home/dhruva/trial/src/carlike_bot_simulation', 'symlink_install': False, 'test_result_base': None}
[6.870s] INFO:colcon.colcon_core.executor:Executing jobs using 'parallel' executor
[6.871s] DEBUG:colcon.colcon_parallel_executor.executor.parallel:run_until_complete
[6.872s] INFO:colcon.colcon_ros.task.ament_cmake.build:Building ROS package in '/home/dhruva/trial/src/carlike_bot_simulation' with build type 'ament_cmake'
[6.872s] INFO:colcon.colcon_cmake.task.cmake.build:Building CMake package in '/home/dhruva/trial/src/carlike_bot_simulation'
[6.927s] INFO:colcon.colcon_core.plugin_system:Skipping extension 'colcon_core.shell.bat': Not used on non-Windows systems
[6.927s] INFO:colcon.colcon_core.shell:Skip shell extension 'powershell' for command environment: Not usable outside of PowerShell
[6.927s] DEBUG:colcon.colcon_core.shell:Skip shell extension 'dsv' for command environment
[6.957s] DEBUG:colcon.colcon_core.event_handler.log_command:Invoking command in '/home/dhruva/trial/build/carlike_bot_simulation': CMAKE_PREFIX_PATH=/home/dhruva/ros2_ws/install/serp_rl:/opt/ros/humble /usr/bin/cmake --build /home/dhruva/trial/build/carlike_bot_simulation -- -j4 -l4
[7.342s] DEBUG:colcon.colcon_core.event_handler.log_command:Invoked command in '/home/dhruva/trial/build/carlike_bot_simulation' returned '0': CMAKE_PREFIX_PATH=/home/dhruva/ros2_ws/install/serp_rl:/opt/ros/humble /usr/bin/cmake --build /home/dhruva/trial/build/carlike_bot_simulation -- -j4 -l4
[7.406s] DEBUG:colcon.colcon_core.event_handler.log_command:Invoking command in '/home/dhruva/trial/build/carlike_bot_simulation': CMAKE_PREFIX_PATH=/home/dhruva/ros2_ws/install/serp_rl:/opt/ros/humble /usr/bin/cmake --install /home/dhruva/trial/build/carlike_bot_simulation
[7.461s] Level 1:colcon.colcon_core.environment:create_environment_scripts_only(carlike_bot_simulation)
[7.463s] DEBUG:colcon.colcon_core.event_handler.log_command:Invoked command in '/home/dhruva/trial/build/carlike_bot_simulation' returned '0': CMAKE_PREFIX_PATH=/home/dhruva/ros2_ws/install/serp_rl:/opt/ros/humble /usr/bin/cmake --install /home/dhruva/trial/build/carlike_bot_simulation
[7.490s] Level 1:colcon.colcon_core.environment:checking '/home/dhruva/trial/install/carlike_bot_simulation' for CMake module files
[7.492s] Level 1:colcon.colcon_core.environment:checking '/home/dhruva/trial/install/carlike_bot_simulation' for CMake config files
[7.495s] Level 1:colcon.colcon_core.shell:create_environment_hook('carlike_bot_simulation', 'cmake_prefix_path')
[7.498s] INFO:colcon.colcon_core.shell:Creating environment hook '/home/dhruva/trial/install/carlike_bot_simulation/share/carlike_bot_simulation/hook/cmake_prefix_path.ps1'
[7.501s] INFO:colcon.colcon_core.shell:Creating environment descriptor '/home/dhruva/trial/install/carlike_bot_simulation/share/carlike_bot_simulation/hook/cmake_prefix_path.dsv'
[7.503s] INFO:colcon.colcon_core.shell:Creating environment hook '/home/dhruva/trial/install/carlike_bot_simulation/share/carlike_bot_simulation/hook/cmake_prefix_path.sh'
[7.505s] Level 1:colcon.colcon_core.environment:checking '/home/dhruva/trial/install/carlike_bot_simulation/lib'
[7.506s] Level 1:colcon.colcon_core.environment:checking '/home/dhruva/trial/install/carlike_bot_simulation/bin'
[7.506s] Level 1:colcon.colcon_core.environment:checking '/home/dhruva/trial/install/carlike_bot_simulation/lib/pkgconfig/carlike_bot_simulation.pc'
[7.506s] Level 1:colcon.colcon_core.environment:checking '/home/dhruva/trial/install/carlike_bot_simulation/lib/python3.10/site-packages'
[7.506s] Level 1:colcon.colcon_core.environment:checking '/home/dhruva/trial/install/carlike_bot_simulation/bin'
[7.506s] INFO:colcon.colcon_core.shell:Creating package script '/home/dhruva/trial/install/carlike_bot_simulation/share/carlike_bot_simulation/package.ps1'
[7.509s] INFO:colcon.colcon_core.shell:Creating package descriptor '/home/dhruva/trial/install/carlike_bot_simulation/share/carlike_bot_simulation/package.dsv'
[7.511s] INFO:colcon.colcon_core.shell:Creating package script '/home/dhruva/trial/install/carlike_bot_simulation/share/carlike_bot_simulation/package.sh'
[7.514s] INFO:colcon.colcon_core.shell:Creating package script '/home/dhruva/trial/install/carlike_bot_simulation/share/carlike_bot_simulation/package.bash'
[7.528s] INFO:colcon.colcon_core.shell:Creating package script '/home/dhruva/trial/install/carlike_bot_simulation/share/carlike_bot_simulation/package.zsh'
[7.539s] Level 1:colcon.colcon_core.environment:create_file_with_runtime_dependencies(/home/dhruva/trial/install/carlike_bot_simulation/share/colcon-core/packages/carlike_bot_simulation)
[7.584s] Level 1:colcon.colcon_core.environment:create_environment_scripts_only(carlike_bot_simulation)
[7.585s] Level 1:colcon.colcon_core.environment:checking '/home/dhruva/trial/install/carlike_bot_simulation' for CMake module files
[7.585s] Level 1:colcon.colcon_core.environment:checking '/home/dhruva/trial/install/carlike_bot_simulation' for CMake config files
[7.585s] Level 1:colcon.colcon_core.shell:create_environment_hook('carlike_bot_simulation', 'cmake_prefix_path')
[7.586s] INFO:colcon.colcon_core.shell:Creating environment hook '/home/dhruva/trial/install/carlike_bot_simulation/share/carlike_bot_simulation/hook/cmake_prefix_path.ps1'
[7.586s] INFO:colcon.colcon_core.shell:Creating environment descriptor '/home/dhruva/trial/install/carlike_bot_simulation/share/carlike_bot_simulation/hook/cmake_prefix_path.dsv'
[7.587s] INFO:colcon.colcon_core.shell:Creating environment hook '/home/dhruva/trial/install/carlike_bot_simulation/share/carlike_bot_simulation/hook/cmake_prefix_path.sh'
[7.588s] Level 1:colcon.colcon_core.environment:checking '/home/dhruva/trial/install/carlike_bot_simulation/lib'
[7.588s] Level 1:colcon.colcon_core.environment:checking '/home/dhruva/trial/install/carlike_bot_simulation/bin'
[7.588s] Level 1:colcon.colcon_core.environment:checking '/home/dhruva/trial/install/carlike_bot_simulation/lib/pkgconfig/carlike_bot_simulation.pc'
[7.589s] Level 1:colcon.colcon_core.environment:checking '/home/dhruva/trial/install/carlike_bot_simulation/lib/python3.10/site-packages'
[7.589s] Level 1:colcon.colcon_core.environment:checking '/home/dhruva/trial/install/carlike_bot_simulation/bin'
[7.590s] INFO:colcon.colcon_core.shell:Creating package script '/home/dhruva/trial/install/carlike_bot_simulation/share/carlike_bot_simulation/package.ps1'
[7.591s] INFO:colcon.colcon_core.shell:Creating package descriptor '/home/dhruva/trial/install/carlike_bot_simulation/share/carlike_bot_simulation/package.dsv'
[7.592s] INFO:colcon.colcon_core.shell:Creating package script '/home/dhruva/trial/install/carlike_bot_simulation/share/carlike_bot_simulation/package.sh'
[7.593s] INFO:colcon.colcon_core.shell:Creating package script '/home/dhruva/trial/install/carlike_bot_simulation/share/carlike_bot_simulation/package.bash'
[7.594s] INFO:colcon.colcon_core.shell:Creating package script '/home/dhruva/trial/install/carlike_bot_simulation/share/carlike_bot_simulation/package.zsh'
[7.594s] Level 1:colcon.colcon_core.environment:create_file_with_runtime_dependencies(/home/dhruva/trial/install/carlike_bot_simulation/share/colcon-core/packages/carlike_bot_simulation)
[7.595s] DEBUG:colcon.colcon_parallel_executor.executor.parallel:closing loop
[7.597s] DEBUG:colcon.colcon_parallel_executor.executor.parallel:loop closed
[7.598s] DEBUG:colcon.colcon_parallel_executor.executor.parallel:run_until_complete finished with '0'
[7.598s] DEBUG:colcon.colcon_core.event_reactor:joining thread
[7.698s] INFO:colcon.colcon_core.plugin_system:Skipping extension 'colcon_notification.desktop_notification.terminal_notifier': Not used on non-Darwin systems
[7.698s] INFO:colcon.colcon_core.plugin_system:Skipping extension 'colcon_notification.desktop_notification.win32': Not used on non-Windows systems
[7.698s] INFO:colcon.colcon_notification.desktop_notification:Sending desktop notification using 'notify2'
[7.721s] DEBUG:colcon.colcon_core.event_reactor:joined thread
[7.721s] INFO:colcon.colcon_core.shell:Creating prefix script '/home/dhruva/trial/install/local_setup.ps1'
[7.724s] INFO:colcon.colcon_core.shell:Creating prefix util module '/home/dhruva/trial/install/_local_setup_util_ps1.py'
[7.730s] INFO:colcon.colcon_core.shell:Creating prefix chain script '/home/dhruva/trial/install/setup.ps1'
[7.733s] INFO:colcon.colcon_core.shell:Creating prefix script '/home/dhruva/trial/install/local_setup.sh'
[7.735s] INFO:colcon.colcon_core.shell:Creating prefix util module '/home/dhruva/trial/install/_local_setup_util_sh.py'
[7.737s] INFO:colcon.colcon_core.shell:Creating prefix chain script '/home/dhruva/trial/install/setup.sh'
[7.739s] INFO:colcon.colcon_core.shell:Creating prefix script '/home/dhruva/trial/install/local_setup.bash'
[7.741s] INFO:colcon.colcon_core.shell:Creating prefix chain script '/home/dhruva/trial/install/setup.bash'
[7.746s] INFO:colcon.colcon_core.shell:Creating prefix script '/home/dhruva/trial/install/local_setup.zsh'
[7.748s] INFO:colcon.colcon_core.shell:Creating prefix chain script '/home/dhruva/trial/install/setup.zsh'
