[0.084s] Invoking command in '/home/dhruva/trial/build/carlike_bot_simulation': CMAKE_PREFIX_PATH=/home/dhruva/ros2_ws/install/serp_rl:/opt/ros/humble /usr/bin/cmake --build /home/dhruva/trial/build/carlike_bot_simulation -- -j4 -l4
[0.469s] Invoked command in '/home/dhruva/trial/build/carlike_bot_simulation' returned '0': CMAKE_PREFIX_PATH=/home/dhruva/ros2_ws/install/serp_rl:/opt/ros/humble /usr/bin/cmake --build /home/dhruva/trial/build/carlike_bot_simulation -- -j4 -l4
[0.533s] Invoking command in '/home/dhruva/trial/build/carlike_bot_simulation': CMAKE_PREFIX_PATH=/home/dhruva/ros2_ws/install/serp_rl:/opt/ros/humble /usr/bin/cmake --install /home/dhruva/trial/build/carlike_bot_simulation
[0.561s] -- Install configuration: ""
[0.563s] -- Execute custom install script
[0.563s] -- Up-to-date symlink: /home/dhruva/trial/install/carlike_bot_simulation/lib/carlike_bot_simulation/camera_subscriber.py
[0.565s] -- Up-to-date symlink: /home/dhruva/trial/install/carlike_bot_simulation/share/carlike_bot_simulation/launch/launch.py
[0.566s] -- Up-to-date symlink: /home/dhruva/trial/install/carlike_bot_simulation/share/carlike_bot_simulation/urdf/carlike_bot.urdf.xacro
[0.566s] -- Up-to-date symlink: /home/dhruva/trial/install/carlike_bot_simulation/share/ament_index/resource_index/package_run_dependencies/carlike_bot_simulation
[0.566s] -- Up-to-date symlink: /home/dhruva/trial/install/carlike_bot_simulation/share/ament_index/resource_index/parent_prefix_path/carlike_bot_simulation
[0.566s] -- Up-to-date symlink: /home/dhruva/trial/install/carlike_bot_simulation/share/carlike_bot_simulation/environment/ament_prefix_path.sh
[0.566s] -- Up-to-date symlink: /home/dhruva/trial/install/carlike_bot_simulation/share/carlike_bot_simulation/environment/ament_prefix_path.dsv
[0.566s] -- Up-to-date symlink: /home/dhruva/trial/install/carlike_bot_simulation/share/carlike_bot_simulation/environment/path.sh
[0.567s] -- Up-to-date symlink: /home/dhruva/trial/install/carlike_bot_simulation/share/carlike_bot_simulation/environment/path.dsv
[0.568s] -- Up-to-date symlink: /home/dhruva/trial/install/carlike_bot_simulation/share/carlike_bot_simulation/local_setup.bash
[0.568s] -- Up-to-date symlink: /home/dhruva/trial/install/carlike_bot_simulation/share/carlike_bot_simulation/local_setup.sh
[0.568s] -- Up-to-date symlink: /home/dhruva/trial/install/carlike_bot_simulation/share/carlike_bot_simulation/local_setup.zsh
[0.568s] -- Up-to-date symlink: /home/dhruva/trial/install/carlike_bot_simulation/share/carlike_bot_simulation/local_setup.dsv
[0.568s] -- Symlinking: /home/dhruva/trial/install/carlike_bot_simulation/share/carlike_bot_simulation/package.dsv
[0.587s] -- Up-to-date symlink: /home/dhruva/trial/install/carlike_bot_simulation/share/ament_index/resource_index/packages/carlike_bot_simulation
[0.587s] -- Up-to-date symlink: /home/dhruva/trial/install/carlike_bot_simulation/share/carlike_bot_simulation/cmake/carlike_bot_simulationConfig.cmake
[0.587s] -- Up-to-date symlink: /home/dhruva/trial/install/carlike_bot_simulation/share/carlike_bot_simulation/cmake/carlike_bot_simulationConfig-version.cmake
[0.588s] -- Up-to-date symlink: /home/dhruva/trial/install/carlike_bot_simulation/share/carlike_bot_simulation/package.xml
[0.590s] Invoked command in '/home/dhruva/trial/build/carlike_bot_simulation' returned '0': CMAKE_PREFIX_PATH=/home/dhruva/ros2_ws/install/serp_rl:/opt/ros/humble /usr/bin/cmake --install /home/dhruva/trial/build/carlike_bot_simulation
