[0.106s] Invoking command in '/home/dhruva/trial/build/carlike_bot_simulation': CMAKE_PREFIX_PATH=${CMAKE_PREFIX_PATH}:/home/dhruva/carlike_bot/install/ros2_control_demo_testing:/home/dhruva/ros2_ws/install/serp_rl:/opt/ros/humble /usr/bin/cmake /home/dhruva/trial/src/carlike_bot_simulation -DAMENT_CMAKE_SYMLINK_INSTALL=1 -DCMAKE_INSTALL_PREFIX=/home/dhruva/trial/install/carlike_bot_simulation
[0.144s] -- Found ament_cmake: 1.3.10 (/opt/ros/humble/share/ament_cmake/cmake)
[0.312s] -- Override CMake install command with custom implementation using symlinks instead of copying resources
[0.377s] -- Found rclpy: 3.3.14 (/opt/ros/humble/share/rclpy/cmake)
[0.377s] -- Found sensor_msgs: 4.2.4 (/opt/ros/humble/share/sensor_msgs/cmake)
[0.405s] -- Found rosidl_generator_c: 3.1.5 (/opt/ros/humble/share/rosidl_generator_c/cmake)
[0.406s] -- Found rosidl_adapter: 3.1.5 (/opt/ros/humble/share/rosidl_adapter/cmake)
[0.415s] -- Found rosidl_generator_cpp: 3.1.5 (/opt/ros/humble/share/rosidl_generator_cpp/cmake)
[0.430s] -- Using all available rosidl_typesupport_c: rosidl_typesupport_fastrtps_c;rosidl_typesupport_introspection_c
[0.447s] -- Using all available rosidl_typesupport_cpp: rosidl_typesupport_fastrtps_cpp;rosidl_typesupport_introspection_cpp
[0.525s] -- Found gazebo_ros: 3.7.0 (/opt/ros/humble/share/gazebo_ros/cmake)
[0.573s] -- Found rmw_implementation_cmake: 6.1.2 (/opt/ros/humble/share/rmw_implementation_cmake/cmake)
[0.573s] -- Found rmw_fastrtps_cpp: 6.2.7 (/opt/ros/humble/share/rmw_fastrtps_cpp/cmake)
[0.703s] -- Using RMW implementation 'rmw_fastrtps_cpp' as default
[1.261s] -- Found DART: /usr/include (Required is at least version "6.6") found components: dart 
[1.589s] -- Found Protobuf: /usr/lib/x86_64-linux-gnu/libprotobuf.so (found version "3.12.4") 
[1.621s] -- Looking for ignition-math6 -- found version 6.15.1
[1.703s] -- Searching for dependencies of ignition-math6
[1.732s] -- Looking for OGRE...
[1.803s] -- Found Ogre Ghadamon (1.9.0)
[1.825s] -- Found OGRE: optimized;/usr/lib/x86_64-linux-gnu/libOgreMain.so;debug;/usr/lib/x86_64-linux-gnu/libOgreMain.so
[1.837s] -- Looking for OGRE_Paging...
[1.838s] -- Found OGRE_Paging: optimized;/usr/lib/x86_64-linux-gnu/libOgrePaging.so;debug;/usr/lib/x86_64-linux-gnu/libOgrePaging.so
[1.838s] -- Looking for OGRE_Terrain...
[1.838s] -- Found OGRE_Terrain: optimized;/usr/lib/x86_64-linux-gnu/libOgreTerrain.so;debug;/usr/lib/x86_64-linux-gnu/libOgreTerrain.so
[1.838s] -- Looking for OGRE_Property...
[1.838s] -- Found OGRE_Property: optimized;/usr/lib/x86_64-linux-gnu/libOgreProperty.so;debug;/usr/lib/x86_64-linux-gnu/libOgreProperty.so
[1.838s] -- Looking for OGRE_RTShaderSystem...
[1.838s] -- Found OGRE_RTShaderSystem: optimized;/usr/lib/x86_64-linux-gnu/libOgreRTShaderSystem.so;debug;/usr/lib/x86_64-linux-gnu/libOgreRTShaderSystem.so
[1.838s] -- Looking for OGRE_Volume...
[1.838s] -- Found OGRE_Volume: optimized;/usr/lib/x86_64-linux-gnu/libOgreVolume.so;debug;/usr/lib/x86_64-linux-gnu/libOgreVolume.so
[1.838s] -- Looking for OGRE_Overlay...
[1.838s] -- Found OGRE_Overlay: optimized;/usr/lib/x86_64-linux-gnu/libOgreOverlay.so;debug;/usr/lib/x86_64-linux-gnu/libOgreOverlay.so
[2.103s] -- Looking for ignition-math6 -- found version 6.15.1
[2.108s] -- Looking for ignition-transport8 -- found version 8.2.1
[2.110s] -- Searching for dependencies of ignition-transport8
[2.135s] -- Found Protobuf: /usr/lib/x86_64-linux-gnu/libprotobuf.so (found suitable version "3.12.4", minimum required is "3") 
[2.149s] -- Config-file not installed for ZeroMQ -- checking for pkg-config
[2.158s] -- Checking for module 'libzmq >= 4'
[2.274s] --   Found libzmq , version 4.3.4
[2.355s] -- Checking for module 'uuid'
[2.386s] --   Found uuid, version 2.37.2
[2.465s] -- Looking for ignition-msgs5 -- found version 5.8.1
[2.465s] -- Searching for dependencies of ignition-msgs5
[2.492s] -- Looking for ignition-math6 -- found version 6.15.1
[2.500s] -- Checking for module 'tinyxml2'
[2.539s] --   Found tinyxml2, version 9.0.0
[2.640s] -- Looking for ignition-msgs5 -- found version 5.8.1
[2.646s] -- Looking for ignition-common3 -- found version 3.14.0
[2.648s] -- Searching for dependencies of ignition-common3
[2.649s] -- Looking for dlfcn.h - found
[2.649s] -- Looking for libdl - found
[2.677s] -- Searching for <ignition-common3> component [graphics]
[2.698s] -- Looking for ignition-common3-graphics -- found version 3.14.0
[2.699s] -- Searching for dependencies of ignition-common3-graphics
[2.700s] -- Looking for ignition-math6 -- found version 6.15.1
[2.712s] -- Looking for ignition-fuel_tools4 -- found version 4.4.0
[2.713s] -- Searching for dependencies of ignition-fuel_tools4
[2.825s] -- Checking for module 'jsoncpp'
[2.855s] --   Found jsoncpp, version 1.9.5
[2.921s] -- Checking for module 'libzip'
[2.959s] --   Found libzip, version 1.7.3
[3.021s] -- Looking for ignition-common3 -- found version 3.14.0
[3.022s] -- Looking for ignition-math6 -- found version 6.15.1
[3.022s] -- Looking for ignition-msgs5 -- found version 5.8.1
[3.068s] -- Gazebo version: 11.10
[3.087s] -- Found robot_state_publisher: 3.0.3 (/opt/ros/humble/share/robot_state_publisher/cmake)
[3.140s] -- Found eigen3_cmake_module: 0.1.1 (/opt/ros/humble/share/eigen3_cmake_module/cmake)
[3.156s] -- Ensuring Eigen3 include directory is part of orocos-kdl CMake target
[3.673s] -- Configuring done
[3.698s] -- Generating done
[3.703s] -- Build files have been written to: /home/dhruva/trial/build/carlike_bot_simulation
[3.716s] Invoked command in '/home/dhruva/trial/build/carlike_bot_simulation' returned '0': CMAKE_PREFIX_PATH=${CMAKE_PREFIX_PATH}:/home/dhruva/carlike_bot/install/ros2_control_demo_testing:/home/dhruva/ros2_ws/install/serp_rl:/opt/ros/humble /usr/bin/cmake /home/dhruva/trial/src/carlike_bot_simulation -DAMENT_CMAKE_SYMLINK_INSTALL=1 -DCMAKE_INSTALL_PREFIX=/home/dhruva/trial/install/carlike_bot_simulation
[3.720s] Invoking command in '/home/dhruva/trial/build/carlike_bot_simulation': CMAKE_PREFIX_PATH=${CMAKE_PREFIX_PATH}:/home/dhruva/carlike_bot/install/ros2_control_demo_testing:/home/dhruva/ros2_ws/install/serp_rl:/opt/ros/humble /usr/bin/cmake --build /home/dhruva/trial/build/carlike_bot_simulation -- -j4 -l4
[3.781s] Invoked command in '/home/dhruva/trial/build/carlike_bot_simulation' returned '0': CMAKE_PREFIX_PATH=${CMAKE_PREFIX_PATH}:/home/dhruva/carlike_bot/install/ros2_control_demo_testing:/home/dhruva/ros2_ws/install/serp_rl:/opt/ros/humble /usr/bin/cmake --build /home/dhruva/trial/build/carlike_bot_simulation -- -j4 -l4
[3.832s] Invoking command in '/home/dhruva/trial/build/carlike_bot_simulation': CMAKE_PREFIX_PATH=${CMAKE_PREFIX_PATH}:/home/dhruva/carlike_bot/install/ros2_control_demo_testing:/home/dhruva/ros2_ws/install/serp_rl:/opt/ros/humble /usr/bin/cmake --install /home/dhruva/trial/build/carlike_bot_simulation
[3.842s] -- Install configuration: ""
[3.842s] -- Execute custom install script
[3.843s] -- Up-to-date symlink: /home/dhruva/trial/install/carlike_bot_simulation/lib/carlike_bot_simulation/camera_subscriber.py
[3.846s] -- Up-to-date symlink: /home/dhruva/trial/install/carlike_bot_simulation/share/carlike_bot_simulation/launch/launch.py
[3.847s] -- Symlinking: /home/dhruva/trial/install/carlike_bot_simulation/share/carlike_bot_simulation/urdf/carlikebot.materials.xacro
[3.858s] -- Symlinking: /home/dhruva/trial/install/carlike_bot_simulation/share/carlike_bot_simulation/urdf/carlikebot_description.urdf.xacro
[3.875s] -- Up-to-date symlink: /home/dhruva/trial/install/carlike_bot_simulation/share/ament_index/resource_index/package_run_dependencies/carlike_bot_simulation
[3.877s] -- Up-to-date symlink: /home/dhruva/trial/install/carlike_bot_simulation/share/ament_index/resource_index/parent_prefix_path/carlike_bot_simulation
[3.878s] -- Up-to-date symlink: /home/dhruva/trial/install/carlike_bot_simulation/share/carlike_bot_simulation/environment/ament_prefix_path.sh
[3.879s] -- Up-to-date symlink: /home/dhruva/trial/install/carlike_bot_simulation/share/carlike_bot_simulation/environment/ament_prefix_path.dsv
[3.880s] -- Up-to-date symlink: /home/dhruva/trial/install/carlike_bot_simulation/share/carlike_bot_simulation/environment/path.sh
[3.882s] -- Up-to-date symlink: /home/dhruva/trial/install/carlike_bot_simulation/share/carlike_bot_simulation/environment/path.dsv
[3.883s] -- Up-to-date symlink: /home/dhruva/trial/install/carlike_bot_simulation/share/carlike_bot_simulation/local_setup.bash
[3.885s] -- Up-to-date symlink: /home/dhruva/trial/install/carlike_bot_simulation/share/carlike_bot_simulation/local_setup.sh
[3.885s] -- Up-to-date symlink: /home/dhruva/trial/install/carlike_bot_simulation/share/carlike_bot_simulation/local_setup.zsh
[3.887s] -- Up-to-date symlink: /home/dhruva/trial/install/carlike_bot_simulation/share/carlike_bot_simulation/local_setup.dsv
[3.887s] -- Symlinking: /home/dhruva/trial/install/carlike_bot_simulation/share/carlike_bot_simulation/package.dsv
[3.901s] -- Up-to-date symlink: /home/dhruva/trial/install/carlike_bot_simulation/share/ament_index/resource_index/packages/carlike_bot_simulation
[3.903s] -- Up-to-date symlink: /home/dhruva/trial/install/carlike_bot_simulation/share/carlike_bot_simulation/cmake/carlike_bot_simulationConfig.cmake
[3.903s] -- Up-to-date symlink: /home/dhruva/trial/install/carlike_bot_simulation/share/carlike_bot_simulation/cmake/carlike_bot_simulationConfig-version.cmake
[3.904s] -- Up-to-date symlink: /home/dhruva/trial/install/carlike_bot_simulation/share/carlike_bot_simulation/package.xml
[3.907s] Invoked command in '/home/dhruva/trial/build/carlike_bot_simulation' returned '0': CMAKE_PREFIX_PATH=${CMAKE_PREFIX_PATH}:/home/dhruva/carlike_bot/install/ros2_control_demo_testing:/home/dhruva/ros2_ws/install/serp_rl:/opt/ros/humble /usr/bin/cmake --install /home/dhruva/trial/build/carlike_bot_simulation
