[0.018s] Invoking command in '/home/dhruva/trial/build/carlike_bot_simulation': CMAKE_PREFIX_PATH=/home/dhruva/ros2_ws/install/serp_rl:/opt/ros/humble /usr/bin/cmake /home/dhruva/trial/src/carlike_bot_simulation -DCMAKE_INSTALL_PREFIX=/home/dhruva/trial/install/carlike_bot_simulation
[0.035s] -- Found ament_cmake: 1.3.10 (/opt/ros/humble/share/ament_cmake/cmake)
[0.174s] -- Override CMake install command with custom implementation using symlinks instead of copying resources
[0.180s] -- Found rclpy: 3.3.14 (/opt/ros/humble/share/rclpy/cmake)
[0.181s] -- Found sensor_msgs: 4.2.4 (/opt/ros/humble/share/sensor_msgs/cmake)
[0.205s] -- Found rosidl_generator_c: 3.1.5 (/opt/ros/humble/share/rosidl_generator_c/cmake)
[0.207s] -- Found rosidl_adapter: 3.1.5 (/opt/ros/humble/share/rosidl_adapter/cmake)
[0.213s] -- Found rosidl_generator_cpp: 3.1.5 (/opt/ros/humble/share/rosidl_generator_cpp/cmake)
[0.223s] -- Using all available rosidl_typesupport_c: rosidl_typesupport_fastrtps_c;rosidl_typesupport_introspection_c
[0.236s] -- Using all available rosidl_typesupport_cpp: rosidl_typesupport_fastrtps_cpp;rosidl_typesupport_introspection_cpp
[0.290s] -- Found gazebo_ros: 3.7.0 (/opt/ros/humble/share/gazebo_ros/cmake)
[0.318s] -- Found rmw_implementation_cmake: 6.1.2 (/opt/ros/humble/share/rmw_implementation_cmake/cmake)
[0.319s] -- Found rmw_fastrtps_cpp: 6.2.7 (/opt/ros/humble/share/rmw_fastrtps_cpp/cmake)
[0.429s] -- Using RMW implementation 'rmw_fastrtps_cpp' as default
[0.502s] -- Found DART: /usr/include (Required is at least version "6.6") found components: dart 
[0.533s] -- Found Protobuf: /usr/lib/x86_64-linux-gnu/libprotobuf.so (found version "3.12.4") 
[0.536s] -- Looking for ignition-math6 -- found version 6.15.1
[0.543s] -- Searching for dependencies of ignition-math6
[0.543s] -- Looking for OGRE...
[0.549s] -- Found Ogre Ghadamon (1.9.0)
[0.550s] -- Found OGRE: optimized;/usr/lib/x86_64-linux-gnu/libOgreMain.so;debug;/usr/lib/x86_64-linux-gnu/libOgreMain.so
[0.561s] -- Looking for OGRE_Paging...
[0.561s] -- Found OGRE_Paging: optimized;/usr/lib/x86_64-linux-gnu/libOgrePaging.so;debug;/usr/lib/x86_64-linux-gnu/libOgrePaging.so
[0.561s] -- Looking for OGRE_Terrain...
[0.561s] -- Found OGRE_Terrain: optimized;/usr/lib/x86_64-linux-gnu/libOgreTerrain.so;debug;/usr/lib/x86_64-linux-gnu/libOgreTerrain.so
[0.561s] -- Looking for OGRE_Property...
[0.561s] -- Found OGRE_Property: optimized;/usr/lib/x86_64-linux-gnu/libOgreProperty.so;debug;/usr/lib/x86_64-linux-gnu/libOgreProperty.so
[0.561s] -- Looking for OGRE_RTShaderSystem...
[0.562s] -- Found OGRE_RTShaderSystem: optimized;/usr/lib/x86_64-linux-gnu/libOgreRTShaderSystem.so;debug;/usr/lib/x86_64-linux-gnu/libOgreRTShaderSystem.so
[0.562s] -- Looking for OGRE_Volume...
[0.562s] -- Found OGRE_Volume: optimized;/usr/lib/x86_64-linux-gnu/libOgreVolume.so;debug;/usr/lib/x86_64-linux-gnu/libOgreVolume.so
[0.562s] -- Looking for OGRE_Overlay...
[0.562s] -- Found OGRE_Overlay: optimized;/usr/lib/x86_64-linux-gnu/libOgreOverlay.so;debug;/usr/lib/x86_64-linux-gnu/libOgreOverlay.so
[0.680s] -- Looking for ignition-math6 -- found version 6.15.1
[0.680s] -- Looking for ignition-transport8 -- found version 8.2.1
[0.681s] -- Searching for dependencies of ignition-transport8
[0.701s] -- Found Protobuf: /usr/lib/x86_64-linux-gnu/libprotobuf.so (found suitable version "3.12.4", minimum required is "3") 
[0.715s] -- Config-file not installed for ZeroMQ -- checking for pkg-config
[0.722s] -- Checking for module 'libzmq >= 4'
[0.740s] --   Found libzmq , version 4.3.4
[0.799s] -- Checking for module 'uuid'
[0.817s] --   Found uuid, version 2.37.2
[0.866s] -- Looking for ignition-msgs5 -- found version 5.8.1
[0.866s] -- Searching for dependencies of ignition-msgs5
[0.887s] -- Looking for ignition-math6 -- found version 6.15.1
[0.893s] -- Checking for module 'tinyxml2'
[0.912s] --   Found tinyxml2, version 9.0.0
[0.965s] -- Looking for ignition-msgs5 -- found version 5.8.1
[0.965s] -- Looking for ignition-common3 -- found version 3.14.0
[0.966s] -- Searching for dependencies of ignition-common3
[0.967s] -- Looking for dlfcn.h - found
[0.967s] -- Looking for libdl - found
[0.981s] -- Searching for <ignition-common3> component [graphics]
[0.981s] -- Looking for ignition-common3-graphics -- found version 3.14.0
[0.982s] -- Searching for dependencies of ignition-common3-graphics
[0.982s] -- Looking for ignition-math6 -- found version 6.15.1
[0.983s] -- Looking for ignition-fuel_tools4 -- found version 4.4.0
[0.984s] -- Searching for dependencies of ignition-fuel_tools4
[1.026s] -- Checking for module 'jsoncpp'
[1.046s] --   Found jsoncpp, version 1.9.5
[1.093s] -- Checking for module 'libzip'
[1.109s] --   Found libzip, version 1.7.3
[1.151s] -- Looking for ignition-common3 -- found version 3.14.0
[1.152s] -- Looking for ignition-math6 -- found version 6.15.1
[1.152s] -- Looking for ignition-msgs5 -- found version 5.8.1
[1.156s] -- Gazebo version: 11.10
[1.160s] -- Found robot_state_publisher: 3.0.3 (/opt/ros/humble/share/robot_state_publisher/cmake)
[1.162s] -- Found eigen3_cmake_module: 0.1.1 (/opt/ros/humble/share/eigen3_cmake_module/cmake)
[1.163s] -- Ensuring Eigen3 include directory is part of orocos-kdl CMake target
[1.352s] -- Configuring done
[1.358s] -- Generating done
[1.361s] -- Build files have been written to: /home/dhruva/trial/build/carlike_bot_simulation
[1.374s] Invoked command in '/home/dhruva/trial/build/carlike_bot_simulation' returned '0': CMAKE_PREFIX_PATH=/home/dhruva/ros2_ws/install/serp_rl:/opt/ros/humble /usr/bin/cmake /home/dhruva/trial/src/carlike_bot_simulation -DCMAKE_INSTALL_PREFIX=/home/dhruva/trial/install/carlike_bot_simulation
[1.377s] Invoking command in '/home/dhruva/trial/build/carlike_bot_simulation': CMAKE_PREFIX_PATH=/home/dhruva/ros2_ws/install/serp_rl:/opt/ros/humble /usr/bin/cmake --build /home/dhruva/trial/build/carlike_bot_simulation -- -j4 -l4
[1.425s] Invoked command in '/home/dhruva/trial/build/carlike_bot_simulation' returned '0': CMAKE_PREFIX_PATH=/home/dhruva/ros2_ws/install/serp_rl:/opt/ros/humble /usr/bin/cmake --build /home/dhruva/trial/build/carlike_bot_simulation -- -j4 -l4
[1.465s] Invoking command in '/home/dhruva/trial/build/carlike_bot_simulation': CMAKE_PREFIX_PATH=/home/dhruva/ros2_ws/install/serp_rl:/opt/ros/humble /usr/bin/cmake --install /home/dhruva/trial/build/carlike_bot_simulation
[1.474s] -- Install configuration: ""
[1.474s] -- Execute custom install script
[1.474s] [31mCMake Error at ament_cmake_symlink_install/ament_cmake_symlink_install.cmake:204 (message):
[1.474s]   ament_cmake_symlink_install_programs() can't find
[1.475s]   '/home/dhruva/trial/src/carlike_bot_simulation/src/camera_subscriber.py'
[1.475s] Call Stack (most recent call first):
[1.475s]   ament_cmake_symlink_install/ament_cmake_symlink_install.cmake:314 (ament_cmake_symlink_install_programs)
[1.475s]   cmake_install.cmake:46 (include)
[1.475s] 
[1.475s] [0m
[1.477s] Invoked command in '/home/dhruva/trial/build/carlike_bot_simulation' returned '1': CMAKE_PREFIX_PATH=/home/dhruva/ros2_ws/install/serp_rl:/opt/ros/humble /usr/bin/cmake --install /home/dhruva/trial/build/carlike_bot_simulation
