[0.604s] DEBUG:colcon:Command line arguments: ['/usr/bin/colcon', 'build', '--symlink-install']
[0.604s] DEBUG:colcon:Parsed command line arguments: Namespace(log_base=None, log_level=None, verb_name='build', build_base='build', install_base='install', merge_install=False, symlink_install=True, test_result_base=None, continue_on_error=False, executor='parallel', parallel_workers=4, event_handlers=None, ignore_user_meta=False, metas=['./colcon.meta'], base_paths=['.'], packages_ignore=None, packages_ignore_regex=None, paths=None, packages_up_to=None, packages_up_to_regex=None, packages_above=None, packages_above_and_dependencies=None, packages_above_depth=None, packages_select_by_dep=None, packages_skip_by_dep=None, packages_skip_up_to=None, packages_select_build_failed=False, packages_skip_build_finished=False, packages_select_test_failures=False, packages_skip_test_passed=False, packages_select=None, packages_skip=None, packages_select_regex=None, packages_skip_regex=None, packages_start=None, packages_end=None, allow_overriding=[], cmake_args=None, cmake_target=None, cmake_target_skip_unavailable=False, cmake_clean_cache=False, cmake_clean_first=False, cmake_force_configure=False, ament_cmake_args=None, catkin_cmake_args=None, catkin_skip_building_tests=False, mixin_files=None, mixin=None, verb_parser=<colcon_mixin.mixin.mixin_argument.MixinArgumentDecorator object at 0x750a78937370>, verb_extension=<colcon_core.verb.build.BuildVerb object at 0x750a78ae48b0>, main=<bound method BuildVerb.main of <colcon_core.verb.build.BuildVerb object at 0x750a78ae48b0>>, mixin_verb=('build',))
[4.357s] Level 1:colcon.colcon_core.package_discovery:discover_packages(colcon_meta) check parameters
[4.358s] Level 1:colcon.colcon_core.package_discovery:discover_packages(recursive) check parameters
[4.358s] Level 1:colcon.colcon_core.package_discovery:discover_packages(ignore) check parameters
[4.358s] Level 1:colcon.colcon_core.package_discovery:discover_packages(path) check parameters
[4.358s] Level 1:colcon.colcon_core.package_discovery:discover_packages(colcon_meta) discover
[4.358s] Level 1:colcon.colcon_core.package_discovery:discover_packages(recursive) discover
[4.358s] INFO:colcon.colcon_core.package_discovery:Crawling recursively for packages in '/home/dhruva/trial'
[4.359s] Level 1:colcon.colcon_core.package_identification:_identify(.) by extensions ['ignore', 'ignore_ament_install']
[4.359s] Level 1:colcon.colcon_core.package_identification:_identify(.) by extension 'ignore'
[4.359s] Level 1:colcon.colcon_core.package_identification:_identify(.) by extension 'ignore_ament_install'
[4.359s] Level 1:colcon.colcon_core.package_identification:_identify(.) by extensions ['colcon_pkg']
[4.359s] Level 1:colcon.colcon_core.package_identification:_identify(.) by extension 'colcon_pkg'
[4.360s] Level 1:colcon.colcon_core.package_identification:_identify(.) by extensions ['colcon_meta']
[4.360s] Level 1:colcon.colcon_core.package_identification:_identify(.) by extension 'colcon_meta'
[4.360s] Level 1:colcon.colcon_core.package_identification:_identify(.) by extensions ['ros']
[4.360s] Level 1:colcon.colcon_core.package_identification:_identify(.) by extension 'ros'
[4.372s] Level 1:colcon.colcon_core.package_identification:_identify(.) by extensions ['cmake', 'python']
[4.373s] Level 1:colcon.colcon_core.package_identification:_identify(.) by extension 'cmake'
[4.373s] Level 1:colcon.colcon_core.package_identification:_identify(.) by extension 'python'
[4.373s] Level 1:colcon.colcon_core.package_identification:_identify(.) by extensions ['python_setup_py']
[4.373s] Level 1:colcon.colcon_core.package_identification:_identify(.) by extension 'python_setup_py'
[4.373s] Level 1:colcon.colcon_core.package_identification:_identify(build) by extensions ['ignore', 'ignore_ament_install']
[4.373s] Level 1:colcon.colcon_core.package_identification:_identify(build) by extension 'ignore'
[4.373s] Level 1:colcon.colcon_core.package_identification:_identify(build) ignored
[4.373s] Level 1:colcon.colcon_core.package_identification:_identify(install) by extensions ['ignore', 'ignore_ament_install']
[4.374s] Level 1:colcon.colcon_core.package_identification:_identify(install) by extension 'ignore'
[4.374s] Level 1:colcon.colcon_core.package_identification:_identify(install) ignored
[4.374s] Level 1:colcon.colcon_core.package_identification:_identify(log) by extensions ['ignore', 'ignore_ament_install']
[4.374s] Level 1:colcon.colcon_core.package_identification:_identify(log) by extension 'ignore'
[4.374s] Level 1:colcon.colcon_core.package_identification:_identify(log) ignored
[4.387s] Level 1:colcon.colcon_core.package_identification:_identify(src) by extensions ['ignore', 'ignore_ament_install']
[4.387s] Level 1:colcon.colcon_core.package_identification:_identify(src) by extension 'ignore'
[4.387s] Level 1:colcon.colcon_core.package_identification:_identify(src) by extension 'ignore_ament_install'
[4.387s] Level 1:colcon.colcon_core.package_identification:_identify(src) by extensions ['colcon_pkg']
[4.387s] Level 1:colcon.colcon_core.package_identification:_identify(src) by extension 'colcon_pkg'
[4.387s] Level 1:colcon.colcon_core.package_identification:_identify(src) by extensions ['colcon_meta']
[4.387s] Level 1:colcon.colcon_core.package_identification:_identify(src) by extension 'colcon_meta'
[4.387s] Level 1:colcon.colcon_core.package_identification:_identify(src) by extensions ['ros']
[4.387s] Level 1:colcon.colcon_core.package_identification:_identify(src) by extension 'ros'
[4.388s] Level 1:colcon.colcon_core.package_identification:_identify(src) by extensions ['cmake', 'python']
[4.388s] Level 1:colcon.colcon_core.package_identification:_identify(src) by extension 'cmake'
[4.388s] Level 1:colcon.colcon_core.package_identification:_identify(src) by extension 'python'
[4.388s] Level 1:colcon.colcon_core.package_identification:_identify(src) by extensions ['python_setup_py']
[4.388s] Level 1:colcon.colcon_core.package_identification:_identify(src) by extension 'python_setup_py'
[4.388s] Level 1:colcon.colcon_core.package_identification:_identify(src/carlike_bot_simulation) by extensions ['ignore', 'ignore_ament_install']
[4.388s] Level 1:colcon.colcon_core.package_identification:_identify(src/carlike_bot_simulation) by extension 'ignore'
[4.388s] Level 1:colcon.colcon_core.package_identification:_identify(src/carlike_bot_simulation) by extension 'ignore_ament_install'
[4.388s] Level 1:colcon.colcon_core.package_identification:_identify(src/carlike_bot_simulation) by extensions ['colcon_pkg']
[4.388s] Level 1:colcon.colcon_core.package_identification:_identify(src/carlike_bot_simulation) by extension 'colcon_pkg'
[4.388s] Level 1:colcon.colcon_core.package_identification:_identify(src/carlike_bot_simulation) by extensions ['colcon_meta']
[4.389s] Level 1:colcon.colcon_core.package_identification:_identify(src/carlike_bot_simulation) by extension 'colcon_meta'
[4.389s] Level 1:colcon.colcon_core.package_identification:_identify(src/carlike_bot_simulation) by extensions ['ros']
[4.389s] Level 1:colcon.colcon_core.package_identification:_identify(src/carlike_bot_simulation) by extension 'ros'
[4.392s] DEBUG:colcon.colcon_core.package_identification:Package 'src/carlike_bot_simulation' with type 'ros.ament_cmake' and name 'carlike_bot_simulation'
[4.392s] Level 1:colcon.colcon_core.package_discovery:discover_packages(recursive) using defaults
[4.392s] Level 1:colcon.colcon_core.package_discovery:discover_packages(ignore) discover
[4.392s] Level 1:colcon.colcon_core.package_discovery:discover_packages(ignore) using defaults
[4.392s] Level 1:colcon.colcon_core.package_discovery:discover_packages(path) discover
[4.392s] Level 1:colcon.colcon_core.package_discovery:discover_packages(path) using defaults
[4.690s] Level 1:colcon.colcon_core.package_discovery:discover_packages(prefix_path) check parameters
[4.690s] Level 1:colcon.colcon_core.package_discovery:discover_packages(prefix_path) discover
[4.707s] DEBUG:colcon.colcon_installed_package_information.package_discovery:Found 2 installed packages in /home/dhruva/ros2_ws/install
[4.708s] DEBUG:colcon.colcon_installed_package_information.package_discovery:Found 385 installed packages in /opt/ros/humble
[4.710s] Level 1:colcon.colcon_core.package_discovery:discover_packages(prefix_path) using defaults
[4.778s] Level 5:colcon.colcon_core.verb:set package 'carlike_bot_simulation' build argument 'cmake_args' from command line to 'None'
[4.778s] Level 5:colcon.colcon_core.verb:set package 'carlike_bot_simulation' build argument 'cmake_target' from command line to 'None'
[4.778s] Level 5:colcon.colcon_core.verb:set package 'carlike_bot_simulation' build argument 'cmake_target_skip_unavailable' from command line to 'False'
[4.779s] Level 5:colcon.colcon_core.verb:set package 'carlike_bot_simulation' build argument 'cmake_clean_cache' from command line to 'False'
[4.779s] Level 5:colcon.colcon_core.verb:set package 'carlike_bot_simulation' build argument 'cmake_clean_first' from command line to 'False'
[4.779s] Level 5:colcon.colcon_core.verb:set package 'carlike_bot_simulation' build argument 'cmake_force_configure' from command line to 'False'
[4.779s] Level 5:colcon.colcon_core.verb:set package 'carlike_bot_simulation' build argument 'ament_cmake_args' from command line to 'None'
[4.779s] Level 5:colcon.colcon_core.verb:set package 'carlike_bot_simulation' build argument 'catkin_cmake_args' from command line to 'None'
[4.779s] Level 5:colcon.colcon_core.verb:set package 'carlike_bot_simulation' build argument 'catkin_skip_building_tests' from command line to 'False'
[4.779s] DEBUG:colcon.colcon_core.verb:Building package 'carlike_bot_simulation' with the following arguments: {'ament_cmake_args': None, 'build_base': '/home/dhruva/trial/build/carlike_bot_simulation', 'catkin_cmake_args': None, 'catkin_skip_building_tests': False, 'cmake_args': None, 'cmake_clean_cache': False, 'cmake_clean_first': False, 'cmake_force_configure': False, 'cmake_target': None, 'cmake_target_skip_unavailable': False, 'install_base': '/home/dhruva/trial/install/carlike_bot_simulation', 'merge_install': False, 'path': '/home/dhruva/trial/src/carlike_bot_simulation', 'symlink_install': True, 'test_result_base': None}
[4.779s] INFO:colcon.colcon_core.executor:Executing jobs using 'parallel' executor
[4.780s] DEBUG:colcon.colcon_parallel_executor.executor.parallel:run_until_complete
[4.780s] INFO:colcon.colcon_ros.task.ament_cmake.build:Building ROS package in '/home/dhruva/trial/src/carlike_bot_simulation' with build type 'ament_cmake'
[4.781s] INFO:colcon.colcon_cmake.task.cmake.build:Building CMake package in '/home/dhruva/trial/src/carlike_bot_simulation'
[4.808s] INFO:colcon.colcon_core.plugin_system:Skipping extension 'colcon_core.shell.bat': Not used on non-Windows systems
[4.809s] INFO:colcon.colcon_core.shell:Skip shell extension 'powershell' for command environment: Not usable outside of PowerShell
[4.809s] DEBUG:colcon.colcon_core.shell:Skip shell extension 'dsv' for command environment
[4.821s] DEBUG:colcon.colcon_core.event_handler.log_command:Invoking command in '/home/dhruva/trial/build/carlike_bot_simulation': CMAKE_PREFIX_PATH=/home/dhruva/ros2_ws/install/serp_rl:/opt/ros/humble /usr/bin/cmake /home/dhruva/trial/src/carlike_bot_simulation -DAMENT_CMAKE_SYMLINK_INSTALL=1 -DCMAKE_INSTALL_PREFIX=/home/dhruva/trial/install/carlike_bot_simulation
[9.771s] DEBUG:colcon.colcon_core.event_handler.log_command:Invoked command in '/home/dhruva/trial/build/carlike_bot_simulation' returned '0': CMAKE_PREFIX_PATH=/home/dhruva/ros2_ws/install/serp_rl:/opt/ros/humble /usr/bin/cmake /home/dhruva/trial/src/carlike_bot_simulation -DAMENT_CMAKE_SYMLINK_INSTALL=1 -DCMAKE_INSTALL_PREFIX=/home/dhruva/trial/install/carlike_bot_simulation
[9.775s] DEBUG:colcon.colcon_core.event_handler.log_command:Invoking command in '/home/dhruva/trial/build/carlike_bot_simulation': CMAKE_PREFIX_PATH=/home/dhruva/ros2_ws/install/serp_rl:/opt/ros/humble /usr/bin/cmake --build /home/dhruva/trial/build/carlike_bot_simulation -- -j4 -l4
[9.831s] DEBUG:colcon.colcon_core.event_handler.log_command:Invoked command in '/home/dhruva/trial/build/carlike_bot_simulation' returned '0': CMAKE_PREFIX_PATH=/home/dhruva/ros2_ws/install/serp_rl:/opt/ros/humble /usr/bin/cmake --build /home/dhruva/trial/build/carlike_bot_simulation -- -j4 -l4
[9.873s] DEBUG:colcon.colcon_core.event_handler.log_command:Invoking command in '/home/dhruva/trial/build/carlike_bot_simulation': CMAKE_PREFIX_PATH=/home/dhruva/ros2_ws/install/serp_rl:/opt/ros/humble /usr/bin/cmake --install /home/dhruva/trial/build/carlike_bot_simulation
[9.887s] DEBUG:colcon.colcon_core.event_handler.log_command:Invoked command in '/home/dhruva/trial/build/carlike_bot_simulation' returned '1': CMAKE_PREFIX_PATH=/home/dhruva/ros2_ws/install/serp_rl:/opt/ros/humble /usr/bin/cmake --install /home/dhruva/trial/build/carlike_bot_simulation
[9.916s] Level 1:colcon.colcon_core.environment:create_environment_scripts_only(carlike_bot_simulation)
[10.660s] Level 1:colcon.colcon_core.environment:checking '/home/dhruva/trial/install/carlike_bot_simulation' for CMake module files
[10.661s] Level 1:colcon.colcon_core.environment:checking '/home/dhruva/trial/install/carlike_bot_simulation' for CMake config files
[10.662s] Level 1:colcon.colcon_core.environment:checking '/home/dhruva/trial/install/carlike_bot_simulation/lib'
[10.663s] Level 1:colcon.colcon_core.environment:checking '/home/dhruva/trial/install/carlike_bot_simulation/bin'
[10.663s] Level 1:colcon.colcon_core.environment:checking '/home/dhruva/trial/install/carlike_bot_simulation/lib/pkgconfig/carlike_bot_simulation.pc'
[10.663s] Level 1:colcon.colcon_core.environment:checking '/home/dhruva/trial/install/carlike_bot_simulation/lib/python3.10/site-packages'
[10.664s] Level 1:colcon.colcon_core.environment:checking '/home/dhruva/trial/install/carlike_bot_simulation/bin'
[10.664s] INFO:colcon.colcon_core.shell:Creating package script '/home/dhruva/trial/install/carlike_bot_simulation/share/carlike_bot_simulation/package.ps1'
[10.665s] INFO:colcon.colcon_core.shell:Creating package descriptor '/home/dhruva/trial/install/carlike_bot_simulation/share/carlike_bot_simulation/package.dsv'
[10.666s] INFO:colcon.colcon_core.shell:Creating package script '/home/dhruva/trial/install/carlike_bot_simulation/share/carlike_bot_simulation/package.sh'
[10.666s] INFO:colcon.colcon_core.shell:Creating package script '/home/dhruva/trial/install/carlike_bot_simulation/share/carlike_bot_simulation/package.bash'
[10.667s] INFO:colcon.colcon_core.shell:Creating package script '/home/dhruva/trial/install/carlike_bot_simulation/share/carlike_bot_simulation/package.zsh'
[10.668s] Level 1:colcon.colcon_core.environment:create_file_with_runtime_dependencies(/home/dhruva/trial/install/carlike_bot_simulation/share/colcon-core/packages/carlike_bot_simulation)
[10.679s] DEBUG:colcon.colcon_parallel_executor.executor.parallel:closing loop
[10.679s] DEBUG:colcon.colcon_parallel_executor.executor.parallel:loop closed
[10.679s] DEBUG:colcon.colcon_parallel_executor.executor.parallel:run_until_complete finished with '1'
[10.679s] DEBUG:colcon.colcon_core.event_reactor:joining thread
[10.817s] INFO:colcon.colcon_core.plugin_system:Skipping extension 'colcon_notification.desktop_notification.terminal_notifier': Not used on non-Darwin systems
[10.817s] INFO:colcon.colcon_core.plugin_system:Skipping extension 'colcon_notification.desktop_notification.win32': Not used on non-Windows systems
[10.818s] INFO:colcon.colcon_notification.desktop_notification:Sending desktop notification using 'notify2'
[10.839s] DEBUG:colcon.colcon_core.event_reactor:joined thread
[10.840s] INFO:colcon.colcon_core.shell:Creating prefix script '/home/dhruva/trial/install/local_setup.ps1'
[10.842s] INFO:colcon.colcon_core.shell:Creating prefix util module '/home/dhruva/trial/install/_local_setup_util_ps1.py'
[10.843s] INFO:colcon.colcon_core.shell:Creating prefix chain script '/home/dhruva/trial/install/setup.ps1'
[10.844s] INFO:colcon.colcon_core.shell:Creating prefix script '/home/dhruva/trial/install/local_setup.sh'
[10.845s] INFO:colcon.colcon_core.shell:Creating prefix util module '/home/dhruva/trial/install/_local_setup_util_sh.py'
[10.845s] INFO:colcon.colcon_core.shell:Creating prefix chain script '/home/dhruva/trial/install/setup.sh'
[10.847s] INFO:colcon.colcon_core.shell:Creating prefix script '/home/dhruva/trial/install/local_setup.bash'
[10.848s] INFO:colcon.colcon_core.shell:Creating prefix chain script '/home/dhruva/trial/install/setup.bash'
[10.849s] INFO:colcon.colcon_core.shell:Creating prefix script '/home/dhruva/trial/install/local_setup.zsh'
[10.849s] INFO:colcon.colcon_core.shell:Creating prefix chain script '/home/dhruva/trial/install/setup.zsh'
