[0.315s] DEBUG:colcon:Command line arguments: ['/usr/bin/colcon', 'build', '--symlink-install']
[0.315s] DEBUG:colcon:Parsed command line arguments: Namespace(log_base=None, log_level=None, verb_name='build', build_base='build', install_base='install', merge_install=False, symlink_install=True, test_result_base=None, continue_on_error=False, executor='parallel', parallel_workers=4, event_handlers=None, ignore_user_meta=False, metas=['./colcon.meta'], base_paths=['.'], packages_ignore=None, packages_ignore_regex=None, paths=None, packages_up_to=None, packages_up_to_regex=None, packages_above=None, packages_above_and_dependencies=None, packages_above_depth=None, packages_select_by_dep=None, packages_skip_by_dep=None, packages_skip_up_to=None, packages_select_build_failed=False, packages_skip_build_finished=False, packages_select_test_failures=False, packages_skip_test_passed=False, packages_select=None, packages_skip=None, packages_select_regex=None, packages_skip_regex=None, packages_start=None, packages_end=None, allow_overriding=[], cmake_args=None, cmake_target=None, cmake_target_skip_unavailable=False, cmake_clean_cache=False, cmake_clean_first=False, cmake_force_configure=False, ament_cmake_args=None, catkin_cmake_args=None, catkin_skip_building_tests=False, mixin_files=None, mixin=None, verb_parser=<colcon_mixin.mixin.mixin_argument.MixinArgumentDecorator object at 0x7b3df033aec0>, verb_extension=<colcon_core.verb.build.BuildVerb object at 0x7b3df04e4400>, main=<bound method BuildVerb.main of <colcon_core.verb.build.BuildVerb object at 0x7b3df04e4400>>, mixin_verb=('build',))
[0.634s] Level 1:colcon.colcon_core.package_discovery:discover_packages(colcon_meta) check parameters
[0.634s] Level 1:colcon.colcon_core.package_discovery:discover_packages(recursive) check parameters
[0.634s] Level 1:colcon.colcon_core.package_discovery:discover_packages(ignore) check parameters
[0.634s] Level 1:colcon.colcon_core.package_discovery:discover_packages(path) check parameters
[0.634s] Level 1:colcon.colcon_core.package_discovery:discover_packages(colcon_meta) discover
[0.634s] Level 1:colcon.colcon_core.package_discovery:discover_packages(recursive) discover
[0.634s] INFO:colcon.colcon_core.package_discovery:Crawling recursively for packages in '/home/dhruva/trial'
[0.634s] Level 1:colcon.colcon_core.package_identification:_identify(.) by extensions ['ignore', 'ignore_ament_install']
[0.635s] Level 1:colcon.colcon_core.package_identification:_identify(.) by extension 'ignore'
[0.635s] Level 1:colcon.colcon_core.package_identification:_identify(.) by extension 'ignore_ament_install'
[0.635s] Level 1:colcon.colcon_core.package_identification:_identify(.) by extensions ['colcon_pkg']
[0.635s] Level 1:colcon.colcon_core.package_identification:_identify(.) by extension 'colcon_pkg'
[0.635s] Level 1:colcon.colcon_core.package_identification:_identify(.) by extensions ['colcon_meta']
[0.635s] Level 1:colcon.colcon_core.package_identification:_identify(.) by extension 'colcon_meta'
[0.635s] Level 1:colcon.colcon_core.package_identification:_identify(.) by extensions ['ros']
[0.635s] Level 1:colcon.colcon_core.package_identification:_identify(.) by extension 'ros'
[0.649s] Level 1:colcon.colcon_core.package_identification:_identify(.) by extensions ['cmake', 'python']
[0.649s] Level 1:colcon.colcon_core.package_identification:_identify(.) by extension 'cmake'
[0.650s] Level 1:colcon.colcon_core.package_identification:_identify(.) by extension 'python'
[0.650s] Level 1:colcon.colcon_core.package_identification:_identify(.) by extensions ['python_setup_py']
[0.650s] Level 1:colcon.colcon_core.package_identification:_identify(.) by extension 'python_setup_py'
[0.650s] Level 1:colcon.colcon_core.package_identification:_identify(build) by extensions ['ignore', 'ignore_ament_install']
[0.650s] Level 1:colcon.colcon_core.package_identification:_identify(build) by extension 'ignore'
[0.650s] Level 1:colcon.colcon_core.package_identification:_identify(build) ignored
[0.651s] Level 1:colcon.colcon_core.package_identification:_identify(install) by extensions ['ignore', 'ignore_ament_install']
[0.651s] Level 1:colcon.colcon_core.package_identification:_identify(install) by extension 'ignore'
[0.651s] Level 1:colcon.colcon_core.package_identification:_identify(install) ignored
[0.651s] Level 1:colcon.colcon_core.package_identification:_identify(log) by extensions ['ignore', 'ignore_ament_install']
[0.651s] Level 1:colcon.colcon_core.package_identification:_identify(log) by extension 'ignore'
[0.651s] Level 1:colcon.colcon_core.package_identification:_identify(log) ignored
[0.651s] Level 1:colcon.colcon_core.package_identification:_identify(src) by extensions ['ignore', 'ignore_ament_install']
[0.651s] Level 1:colcon.colcon_core.package_identification:_identify(src) by extension 'ignore'
[0.651s] Level 1:colcon.colcon_core.package_identification:_identify(src) by extension 'ignore_ament_install'
[0.651s] Level 1:colcon.colcon_core.package_identification:_identify(src) by extensions ['colcon_pkg']
[0.651s] Level 1:colcon.colcon_core.package_identification:_identify(src) by extension 'colcon_pkg'
[0.651s] Level 1:colcon.colcon_core.package_identification:_identify(src) by extensions ['colcon_meta']
[0.652s] Level 1:colcon.colcon_core.package_identification:_identify(src) by extension 'colcon_meta'
[0.652s] Level 1:colcon.colcon_core.package_identification:_identify(src) by extensions ['ros']
[0.652s] Level 1:colcon.colcon_core.package_identification:_identify(src) by extension 'ros'
[0.652s] Level 1:colcon.colcon_core.package_identification:_identify(src) by extensions ['cmake', 'python']
[0.652s] Level 1:colcon.colcon_core.package_identification:_identify(src) by extension 'cmake'
[0.652s] Level 1:colcon.colcon_core.package_identification:_identify(src) by extension 'python'
[0.652s] Level 1:colcon.colcon_core.package_identification:_identify(src) by extensions ['python_setup_py']
[0.652s] Level 1:colcon.colcon_core.package_identification:_identify(src) by extension 'python_setup_py'
[0.652s] Level 1:colcon.colcon_core.package_identification:_identify(src/carlike_bot_simulation) by extensions ['ignore', 'ignore_ament_install']
[0.652s] Level 1:colcon.colcon_core.package_identification:_identify(src/carlike_bot_simulation) by extension 'ignore'
[0.652s] Level 1:colcon.colcon_core.package_identification:_identify(src/carlike_bot_simulation) by extension 'ignore_ament_install'
[0.652s] Level 1:colcon.colcon_core.package_identification:_identify(src/carlike_bot_simulation) by extensions ['colcon_pkg']
[0.652s] Level 1:colcon.colcon_core.package_identification:_identify(src/carlike_bot_simulation) by extension 'colcon_pkg'
[0.652s] Level 1:colcon.colcon_core.package_identification:_identify(src/carlike_bot_simulation) by extensions ['colcon_meta']
[0.653s] Level 1:colcon.colcon_core.package_identification:_identify(src/carlike_bot_simulation) by extension 'colcon_meta'
[0.653s] Level 1:colcon.colcon_core.package_identification:_identify(src/carlike_bot_simulation) by extensions ['ros']
[0.653s] Level 1:colcon.colcon_core.package_identification:_identify(src/carlike_bot_simulation) by extension 'ros'
[0.656s] DEBUG:colcon.colcon_core.package_identification:Package 'src/carlike_bot_simulation' with type 'ros.ament_cmake' and name 'carlike_bot_simulation'
[0.657s] Level 1:colcon.colcon_core.package_discovery:discover_packages(recursive) using defaults
[0.657s] Level 1:colcon.colcon_core.package_discovery:discover_packages(ignore) discover
[0.657s] Level 1:colcon.colcon_core.package_discovery:discover_packages(ignore) using defaults
[0.657s] Level 1:colcon.colcon_core.package_discovery:discover_packages(path) discover
[0.657s] Level 1:colcon.colcon_core.package_discovery:discover_packages(path) using defaults
[0.740s] Level 1:colcon.colcon_core.package_discovery:discover_packages(prefix_path) check parameters
[0.740s] Level 1:colcon.colcon_core.package_discovery:discover_packages(prefix_path) discover
[0.860s] DEBUG:colcon.colcon_installed_package_information.package_discovery:Found 1 installed packages in /home/dhruva/project/install
[0.862s] DEBUG:colcon.colcon_installed_package_information.package_discovery:Found 2 installed packages in /home/dhruva/ros2_ws/install
[0.863s] DEBUG:colcon.colcon_installed_package_information.package_discovery:Found 1 installed packages in /home/dhruva/trial/install
[0.867s] DEBUG:colcon.colcon_installed_package_information.package_discovery:Found 19 installed packages in /home/dhruva/carlike_bot/install
[0.880s] DEBUG:colcon.colcon_installed_package_information.package_discovery:Found 387 installed packages in /opt/ros/humble
[0.894s] Level 1:colcon.colcon_core.package_discovery:discover_packages(prefix_path) using defaults
[1.153s] Level 5:colcon.colcon_core.verb:set package 'carlike_bot_simulation' build argument 'cmake_args' from command line to 'None'
[1.153s] Level 5:colcon.colcon_core.verb:set package 'carlike_bot_simulation' build argument 'cmake_target' from command line to 'None'
[1.153s] Level 5:colcon.colcon_core.verb:set package 'carlike_bot_simulation' build argument 'cmake_target_skip_unavailable' from command line to 'False'
[1.153s] Level 5:colcon.colcon_core.verb:set package 'carlike_bot_simulation' build argument 'cmake_clean_cache' from command line to 'False'
[1.153s] Level 5:colcon.colcon_core.verb:set package 'carlike_bot_simulation' build argument 'cmake_clean_first' from command line to 'False'
[1.153s] Level 5:colcon.colcon_core.verb:set package 'carlike_bot_simulation' build argument 'cmake_force_configure' from command line to 'False'
[1.153s] Level 5:colcon.colcon_core.verb:set package 'carlike_bot_simulation' build argument 'ament_cmake_args' from command line to 'None'
[1.153s] Level 5:colcon.colcon_core.verb:set package 'carlike_bot_simulation' build argument 'catkin_cmake_args' from command line to 'None'
[1.153s] Level 5:colcon.colcon_core.verb:set package 'carlike_bot_simulation' build argument 'catkin_skip_building_tests' from command line to 'False'
[1.153s] DEBUG:colcon.colcon_core.verb:Building package 'carlike_bot_simulation' with the following arguments: {'ament_cmake_args': None, 'build_base': '/home/dhruva/trial/build/carlike_bot_simulation', 'catkin_cmake_args': None, 'catkin_skip_building_tests': False, 'cmake_args': None, 'cmake_clean_cache': False, 'cmake_clean_first': False, 'cmake_force_configure': False, 'cmake_target': None, 'cmake_target_skip_unavailable': False, 'install_base': '/home/dhruva/trial/install/carlike_bot_simulation', 'merge_install': False, 'path': '/home/dhruva/trial/src/carlike_bot_simulation', 'symlink_install': True, 'test_result_base': None}
[1.154s] INFO:colcon.colcon_core.executor:Executing jobs using 'parallel' executor
[1.155s] DEBUG:colcon.colcon_parallel_executor.executor.parallel:run_until_complete
[1.156s] INFO:colcon.colcon_ros.task.ament_cmake.build:Building ROS package in '/home/dhruva/trial/src/carlike_bot_simulation' with build type 'ament_cmake'
[1.156s] INFO:colcon.colcon_cmake.task.cmake.build:Building CMake package in '/home/dhruva/trial/src/carlike_bot_simulation'
[1.159s] INFO:colcon.colcon_core.plugin_system:Skipping extension 'colcon_core.shell.bat': Not used on non-Windows systems
[1.159s] INFO:colcon.colcon_core.shell:Skip shell extension 'powershell' for command environment: Not usable outside of PowerShell
[1.159s] DEBUG:colcon.colcon_core.shell:Skip shell extension 'dsv' for command environment
[1.228s] DEBUG:colcon.colcon_core.event_handler.log_command:Invoking command in '/home/dhruva/trial/build/carlike_bot_simulation': CMAKE_PREFIX_PATH=${CMAKE_PREFIX_PATH}:/home/dhruva/carlike_bot/install/ros2_control_demo_testing:/home/dhruva/ros2_ws/install/serp_rl:/opt/ros/humble /usr/bin/cmake --build /home/dhruva/trial/build/carlike_bot_simulation -- -j4 -l4
[2.189s] DEBUG:colcon.colcon_core.event_handler.log_command:Invoked command in '/home/dhruva/trial/build/carlike_bot_simulation' returned '0': CMAKE_PREFIX_PATH=${CMAKE_PREFIX_PATH}:/home/dhruva/carlike_bot/install/ros2_control_demo_testing:/home/dhruva/ros2_ws/install/serp_rl:/opt/ros/humble /usr/bin/cmake --build /home/dhruva/trial/build/carlike_bot_simulation -- -j4 -l4
[2.279s] DEBUG:colcon.colcon_core.event_handler.log_command:Invoking command in '/home/dhruva/trial/build/carlike_bot_simulation': CMAKE_PREFIX_PATH=${CMAKE_PREFIX_PATH}:/home/dhruva/carlike_bot/install/ros2_control_demo_testing:/home/dhruva/ros2_ws/install/serp_rl:/opt/ros/humble /usr/bin/cmake --install /home/dhruva/trial/build/carlike_bot_simulation
[2.382s] Level 1:colcon.colcon_core.environment:create_environment_scripts_only(carlike_bot_simulation)
[2.383s] DEBUG:colcon.colcon_core.event_handler.log_command:Invoked command in '/home/dhruva/trial/build/carlike_bot_simulation' returned '0': CMAKE_PREFIX_PATH=${CMAKE_PREFIX_PATH}:/home/dhruva/carlike_bot/install/ros2_control_demo_testing:/home/dhruva/ros2_ws/install/serp_rl:/opt/ros/humble /usr/bin/cmake --install /home/dhruva/trial/build/carlike_bot_simulation
[2.389s] Level 1:colcon.colcon_core.environment:checking '/home/dhruva/trial/install/carlike_bot_simulation' for CMake module files
[2.392s] Level 1:colcon.colcon_core.environment:checking '/home/dhruva/trial/install/carlike_bot_simulation' for CMake config files
[2.393s] Level 1:colcon.colcon_core.shell:create_environment_hook('carlike_bot_simulation', 'cmake_prefix_path')
[2.394s] INFO:colcon.colcon_core.shell:Creating environment hook '/home/dhruva/trial/install/carlike_bot_simulation/share/carlike_bot_simulation/hook/cmake_prefix_path.ps1'
[2.401s] INFO:colcon.colcon_core.shell:Creating environment descriptor '/home/dhruva/trial/install/carlike_bot_simulation/share/carlike_bot_simulation/hook/cmake_prefix_path.dsv'
[2.403s] INFO:colcon.colcon_core.shell:Creating environment hook '/home/dhruva/trial/install/carlike_bot_simulation/share/carlike_bot_simulation/hook/cmake_prefix_path.sh'
[2.405s] Level 1:colcon.colcon_core.environment:checking '/home/dhruva/trial/install/carlike_bot_simulation/lib'
[2.406s] Level 1:colcon.colcon_core.environment:checking '/home/dhruva/trial/install/carlike_bot_simulation/bin'
[2.406s] Level 1:colcon.colcon_core.environment:checking '/home/dhruva/trial/install/carlike_bot_simulation/lib/pkgconfig/carlike_bot_simulation.pc'
[2.407s] Level 1:colcon.colcon_core.environment:checking '/home/dhruva/trial/install/carlike_bot_simulation/lib/python3.10/site-packages'
[2.407s] Level 1:colcon.colcon_core.environment:checking '/home/dhruva/trial/install/carlike_bot_simulation/bin'
[2.408s] INFO:colcon.colcon_core.shell:Creating package script '/home/dhruva/trial/install/carlike_bot_simulation/share/carlike_bot_simulation/package.ps1'
[2.410s] INFO:colcon.colcon_core.shell:Creating package descriptor '/home/dhruva/trial/install/carlike_bot_simulation/share/carlike_bot_simulation/package.dsv'
[2.412s] INFO:colcon.colcon_core.shell:Creating package script '/home/dhruva/trial/install/carlike_bot_simulation/share/carlike_bot_simulation/package.sh'
[2.413s] INFO:colcon.colcon_core.shell:Creating package script '/home/dhruva/trial/install/carlike_bot_simulation/share/carlike_bot_simulation/package.bash'
[2.415s] INFO:colcon.colcon_core.shell:Creating package script '/home/dhruva/trial/install/carlike_bot_simulation/share/carlike_bot_simulation/package.zsh'
[2.416s] Level 1:colcon.colcon_core.environment:create_file_with_runtime_dependencies(/home/dhruva/trial/install/carlike_bot_simulation/share/colcon-core/packages/carlike_bot_simulation)
[2.486s] Level 1:colcon.colcon_core.environment:create_environment_scripts_only(carlike_bot_simulation)
[2.486s] Level 1:colcon.colcon_core.environment:checking '/home/dhruva/trial/install/carlike_bot_simulation' for CMake module files
[2.487s] Level 1:colcon.colcon_core.environment:checking '/home/dhruva/trial/install/carlike_bot_simulation' for CMake config files
[2.487s] Level 1:colcon.colcon_core.shell:create_environment_hook('carlike_bot_simulation', 'cmake_prefix_path')
[2.487s] INFO:colcon.colcon_core.shell:Creating environment hook '/home/dhruva/trial/install/carlike_bot_simulation/share/carlike_bot_simulation/hook/cmake_prefix_path.ps1'
[2.488s] INFO:colcon.colcon_core.shell:Creating environment descriptor '/home/dhruva/trial/install/carlike_bot_simulation/share/carlike_bot_simulation/hook/cmake_prefix_path.dsv'
[2.493s] INFO:colcon.colcon_core.shell:Creating environment hook '/home/dhruva/trial/install/carlike_bot_simulation/share/carlike_bot_simulation/hook/cmake_prefix_path.sh'
[2.496s] Level 1:colcon.colcon_core.environment:checking '/home/dhruva/trial/install/carlike_bot_simulation/lib'
[2.496s] Level 1:colcon.colcon_core.environment:checking '/home/dhruva/trial/install/carlike_bot_simulation/bin'
[2.496s] Level 1:colcon.colcon_core.environment:checking '/home/dhruva/trial/install/carlike_bot_simulation/lib/pkgconfig/carlike_bot_simulation.pc'
[2.497s] Level 1:colcon.colcon_core.environment:checking '/home/dhruva/trial/install/carlike_bot_simulation/lib/python3.10/site-packages'
[2.498s] Level 1:colcon.colcon_core.environment:checking '/home/dhruva/trial/install/carlike_bot_simulation/bin'
[2.499s] INFO:colcon.colcon_core.shell:Creating package script '/home/dhruva/trial/install/carlike_bot_simulation/share/carlike_bot_simulation/package.ps1'
[2.503s] INFO:colcon.colcon_core.shell:Creating package descriptor '/home/dhruva/trial/install/carlike_bot_simulation/share/carlike_bot_simulation/package.dsv'
[2.504s] INFO:colcon.colcon_core.shell:Creating package script '/home/dhruva/trial/install/carlike_bot_simulation/share/carlike_bot_simulation/package.sh'
[2.507s] INFO:colcon.colcon_core.shell:Creating package script '/home/dhruva/trial/install/carlike_bot_simulation/share/carlike_bot_simulation/package.bash'
[2.510s] INFO:colcon.colcon_core.shell:Creating package script '/home/dhruva/trial/install/carlike_bot_simulation/share/carlike_bot_simulation/package.zsh'
[2.512s] Level 1:colcon.colcon_core.environment:create_file_with_runtime_dependencies(/home/dhruva/trial/install/carlike_bot_simulation/share/colcon-core/packages/carlike_bot_simulation)
[2.513s] DEBUG:colcon.colcon_parallel_executor.executor.parallel:closing loop
[2.513s] DEBUG:colcon.colcon_parallel_executor.executor.parallel:loop closed
[2.514s] DEBUG:colcon.colcon_parallel_executor.executor.parallel:run_until_complete finished with '0'
[2.514s] DEBUG:colcon.colcon_core.event_reactor:joining thread
[2.603s] INFO:colcon.colcon_core.plugin_system:Skipping extension 'colcon_notification.desktop_notification.terminal_notifier': Not used on non-Darwin systems
[2.604s] INFO:colcon.colcon_core.plugin_system:Skipping extension 'colcon_notification.desktop_notification.win32': Not used on non-Windows systems
[2.605s] INFO:colcon.colcon_notification.desktop_notification:Sending desktop notification using 'notify2'
[2.834s] DEBUG:colcon.colcon_core.event_reactor:joined thread
[2.836s] INFO:colcon.colcon_core.shell:Creating prefix script '/home/dhruva/trial/install/local_setup.ps1'
[2.845s] INFO:colcon.colcon_core.shell:Creating prefix util module '/home/dhruva/trial/install/_local_setup_util_ps1.py'
[2.854s] INFO:colcon.colcon_core.shell:Creating prefix chain script '/home/dhruva/trial/install/setup.ps1'
[2.862s] INFO:colcon.colcon_core.shell:Creating prefix script '/home/dhruva/trial/install/local_setup.sh'
[2.863s] INFO:colcon.colcon_core.shell:Creating prefix util module '/home/dhruva/trial/install/_local_setup_util_sh.py'
[2.864s] INFO:colcon.colcon_core.shell:Creating prefix chain script '/home/dhruva/trial/install/setup.sh'
[2.870s] INFO:colcon.colcon_core.shell:Creating prefix script '/home/dhruva/trial/install/local_setup.bash'
[2.871s] INFO:colcon.colcon_core.shell:Creating prefix chain script '/home/dhruva/trial/install/setup.bash'
[2.877s] INFO:colcon.colcon_core.shell:Creating prefix script '/home/dhruva/trial/install/local_setup.zsh'
[2.878s] INFO:colcon.colcon_core.shell:Creating prefix chain script '/home/dhruva/trial/install/setup.zsh'
