[0.040s] Invoking command in '/home/dhruva/trial/build/carlike_bot_simulation': CMAKE_PREFIX_PATH=/home/dhruva/ros2_ws/install/serp_rl:/opt/ros/humble /usr/bin/cmake /home/dhruva/trial/src/carlike_bot_simulation -DAMENT_CMAKE_SYMLINK_INSTALL=1 -DCMAKE_INSTALL_PREFIX=/home/dhruva/trial/install/carlike_bot_simulation
[0.103s] -- The C compiler identification is GNU 11.4.0
[0.173s] -- The CXX compiler identification is GNU 11.4.0
[0.182s] -- Detecting C compiler ABI info
[0.268s] -- Detecting C compiler ABI info - done
[0.276s] -- Check for working C compiler: /usr/bin/cc - skipped
[0.276s] -- Detecting C compile features
[0.277s] -- Detecting C compile features - done
[0.279s] -- Detecting CXX compiler ABI info
[0.369s] -- Detecting CXX compiler ABI info - done
[0.378s] -- Check for working CXX compiler: /usr/bin/c++ - skipped
[0.378s] -- Detecting CXX compile features
[0.378s] -- Detecting CXX compile features - done
[0.381s] -- Found ament_cmake: 1.3.10 (/opt/ros/humble/share/ament_cmake/cmake)
[0.561s] -- Found Python3: /usr/bin/python3 (found version "3.10.12") found components: Interpreter 
[0.628s] -- Override CMake install command with custom implementation using symlinks instead of copying resources
[0.752s] -- Found rclpy: 3.3.14 (/opt/ros/humble/share/rclpy/cmake)
[0.758s] -- Found sensor_msgs: 4.2.4 (/opt/ros/humble/share/sensor_msgs/cmake)
[0.792s] -- Found rosidl_generator_c: 3.1.5 (/opt/ros/humble/share/rosidl_generator_c/cmake)
[0.797s] -- Found rosidl_adapter: 3.1.5 (/opt/ros/humble/share/rosidl_adapter/cmake)
[0.805s] -- Found rosidl_generator_cpp: 3.1.5 (/opt/ros/humble/share/rosidl_generator_cpp/cmake)
[0.818s] -- Using all available rosidl_typesupport_c: rosidl_typesupport_fastrtps_c;rosidl_typesupport_introspection_c
[0.842s] -- Using all available rosidl_typesupport_cpp: rosidl_typesupport_fastrtps_cpp;rosidl_typesupport_introspection_cpp
[1.012s] -- Found gazebo_ros: 3.7.0 (/opt/ros/humble/share/gazebo_ros/cmake)
[1.067s] -- Found rmw_implementation_cmake: 6.1.2 (/opt/ros/humble/share/rmw_implementation_cmake/cmake)
[1.070s] -- Found rmw_fastrtps_cpp: 6.2.7 (/opt/ros/humble/share/rmw_fastrtps_cpp/cmake)
[1.167s] -- Found OpenSSL: /usr/lib/x86_64-linux-gnu/libcrypto.so (found version "3.0.2")  
[1.195s] -- Found FastRTPS: /opt/ros/humble/include  
[1.240s] -- Using RMW implementation 'rmw_fastrtps_cpp' as default
[1.293s] -- Looking for pthread.h
[1.425s] -- Looking for pthread.h - found
[1.425s] -- Performing Test CMAKE_HAVE_LIBC_PTHREAD
[1.549s] -- Performing Test CMAKE_HAVE_LIBC_PTHREAD - Success
[1.553s] -- Found Threads: TRUE  
[1.690s] -- Found PkgConfig: /usr/bin/pkg-config (found version "0.29.2") 
[1.691s] -- Checking for module 'bullet>=2.82'
[1.745s] --   Found bullet, version 3.05
[2.110s] -- Found fcl: /usr/include (found suitable version "0.7.0", minimum required is "0.5.0") 
[2.225s] -- Found assimp: /usr/include (found version "5.2.0") 
[2.516s] -- Found DART: /usr/include (Required is at least version "6.6") found components: dart 
[2.650s] -- Found Boost: /usr/lib/x86_64-linux-gnu/cmake/Boost-1.74.0/BoostConfig.cmake (found suitable version "1.74.0", minimum required is "1.40.0") found components: thread system filesystem program_options regex iostreams date_time 
[2.957s] -- Found Protobuf: /usr/lib/x86_64-linux-gnu/libprotobuf.so (found version "3.12.4") 
[3.057s] -- Looking for ignition-math6 -- found version 6.15.1
[3.139s] -- Searching for dependencies of ignition-math6
[3.161s] -- Looking for OGRE...
[3.162s] -- OGRE_PREFIX_WATCH changed.
[3.168s] -- Checking for module 'OGRE'
[3.185s] --   Found OGRE, version 1.9.0
[3.280s] -- Found Ogre Ghadamon (1.9.0)
[3.303s] -- Found OGRE: optimized;/usr/lib/x86_64-linux-gnu/libOgreMain.so;debug;/usr/lib/x86_64-linux-gnu/libOgreMain.so
[3.313s] -- Looking for OGRE_Paging...
[3.319s] -- Found OGRE_Paging: optimized;/usr/lib/x86_64-linux-gnu/libOgrePaging.so;debug;/usr/lib/x86_64-linux-gnu/libOgrePaging.so
[3.319s] -- Looking for OGRE_Terrain...
[3.325s] -- Found OGRE_Terrain: optimized;/usr/lib/x86_64-linux-gnu/libOgreTerrain.so;debug;/usr/lib/x86_64-linux-gnu/libOgreTerrain.so
[3.325s] -- Looking for OGRE_Property...
[3.332s] -- Found OGRE_Property: optimized;/usr/lib/x86_64-linux-gnu/libOgreProperty.so;debug;/usr/lib/x86_64-linux-gnu/libOgreProperty.so
[3.332s] -- Looking for OGRE_RTShaderSystem...
[3.338s] -- Found OGRE_RTShaderSystem: optimized;/usr/lib/x86_64-linux-gnu/libOgreRTShaderSystem.so;debug;/usr/lib/x86_64-linux-gnu/libOgreRTShaderSystem.so
[3.338s] -- Looking for OGRE_Volume...
[3.344s] -- Found OGRE_Volume: optimized;/usr/lib/x86_64-linux-gnu/libOgreVolume.so;debug;/usr/lib/x86_64-linux-gnu/libOgreVolume.so
[3.344s] -- Looking for OGRE_Overlay...
[3.352s] -- Found OGRE_Overlay: optimized;/usr/lib/x86_64-linux-gnu/libOgreOverlay.so;debug;/usr/lib/x86_64-linux-gnu/libOgreOverlay.so
[3.506s] -- Looking for ignition-math6 -- found version 6.15.1
[3.517s] -- Looking for ignition-transport8 -- found version 8.2.1
[3.517s] -- Searching for dependencies of ignition-transport8
[3.551s] -- Found Protobuf: /usr/lib/x86_64-linux-gnu/libprotobuf.so (found suitable version "3.12.4", minimum required is "3") 
[3.563s] -- Config-file not installed for ZeroMQ -- checking for pkg-config
[3.569s] -- Checking for module 'libzmq >= 4'
[3.678s] --   Found libzmq , version 4.3.4
[3.729s] -- Found ZeroMQ: TRUE (Required is at least version "4") 
[3.748s] -- Checking for module 'uuid'
[3.800s] --   Found uuid, version 2.37.2
[3.846s] -- Found UUID: TRUE  
[3.867s] -- Looking for ignition-msgs5 -- found version 5.8.1
[3.868s] -- Searching for dependencies of ignition-msgs5
[3.888s] -- Looking for ignition-math6 -- found version 6.15.1
[3.898s] -- Checking for module 'tinyxml2'
[3.928s] --   Found tinyxml2, version 9.0.0
[3.998s] -- Looking for ignition-msgs5 -- found version 5.8.1
[4.017s] -- Looking for ignition-common3 -- found version 3.14.0
[4.018s] -- Searching for dependencies of ignition-common3
[4.035s] -- Looking for dlfcn.h - found
[4.036s] -- Looking for libdl - found
[4.040s] -- Found DL: TRUE  
[4.057s] -- Found tinyobjloader: /usr/lib/x86_64-linux-gnu/cmake/tinyobjloader/tinyobjloader-config.cmake (found version "2.0.0") 
[4.062s] -- Searching for <ignition-common3> component [graphics]
[4.070s] -- Looking for ignition-common3-graphics -- found version 3.14.0
[4.070s] -- Searching for dependencies of ignition-common3-graphics
[4.070s] -- Looking for ignition-math6 -- found version 6.15.1
[4.084s] -- Looking for ignition-fuel_tools4 -- found version 4.4.0
[4.084s] -- Searching for dependencies of ignition-fuel_tools4
[4.209s] -- Found CURL: /usr/lib/x86_64-linux-gnu/libcurl.so (found version "7.81.0")  
[4.243s] -- Checking for module 'jsoncpp'
[4.263s] --   Found jsoncpp, version 1.9.5
[4.311s] -- Found JSONCPP: TRUE  
[4.319s] -- Checking for module 'libzip'
[4.350s] --   Found libzip, version 1.7.3
[4.397s] -- Found ZIP: TRUE  
[4.398s] -- Looking for ignition-common3 -- found version 3.14.0
[4.398s] -- Looking for ignition-math6 -- found version 6.15.1
[4.399s] -- Looking for ignition-msgs5 -- found version 5.8.1
[4.435s] -- Gazebo version: 11.10
[4.436s] -- Checking for module 'tbb'
[4.455s] --   Found tbb, version 2021.5.0
[4.523s] -- Found robot_state_publisher: 3.0.3 (/opt/ros/humble/share/robot_state_publisher/cmake)
[4.539s] -- Found eigen3_cmake_module: 0.1.1 (/opt/ros/humble/share/eigen3_cmake_module/cmake)
[4.539s] -- Found Eigen3: TRUE (found version "3.4.0") 
[4.540s] -- Ensuring Eigen3 include directory is part of orocos-kdl CMake target
[4.961s] -- Configuring done
[4.966s] -- Generating done
[4.969s] -- Build files have been written to: /home/dhruva/trial/build/carlike_bot_simulation
[4.989s] Invoked command in '/home/dhruva/trial/build/carlike_bot_simulation' returned '0': CMAKE_PREFIX_PATH=/home/dhruva/ros2_ws/install/serp_rl:/opt/ros/humble /usr/bin/cmake /home/dhruva/trial/src/carlike_bot_simulation -DAMENT_CMAKE_SYMLINK_INSTALL=1 -DCMAKE_INSTALL_PREFIX=/home/dhruva/trial/install/carlike_bot_simulation
[4.993s] Invoking command in '/home/dhruva/trial/build/carlike_bot_simulation': CMAKE_PREFIX_PATH=/home/dhruva/ros2_ws/install/serp_rl:/opt/ros/humble /usr/bin/cmake --build /home/dhruva/trial/build/carlike_bot_simulation -- -j4 -l4
[5.050s] Invoked command in '/home/dhruva/trial/build/carlike_bot_simulation' returned '0': CMAKE_PREFIX_PATH=/home/dhruva/ros2_ws/install/serp_rl:/opt/ros/humble /usr/bin/cmake --build /home/dhruva/trial/build/carlike_bot_simulation -- -j4 -l4
[5.092s] Invoking command in '/home/dhruva/trial/build/carlike_bot_simulation': CMAKE_PREFIX_PATH=/home/dhruva/ros2_ws/install/serp_rl:/opt/ros/humble /usr/bin/cmake --install /home/dhruva/trial/build/carlike_bot_simulation
[5.102s] [31mCMake Error at ament_cmake_symlink_install/ament_cmake_symlink_install.cmake:204 (message):
[5.102s]   ament_cmake_symlink_install_programs() can't find
[5.103s]   '/home/dhruva/trial/src/carlike_bot_simulation/src/camera_subscriber.py'
[5.103s] Call Stack (most recent call first):
[5.104s]   ament_cmake_symlink_install/ament_cmake_symlink_install.cmake:314 (ament_cmake_symlink_install_programs)
[5.104s]   cmake_install.cmake:46 (include)
[5.104s] 
[5.104s] [0m
[5.104s] -- Install configuration: ""
[5.105s] -- Execute custom install script
[5.105s] Invoked command in '/home/dhruva/trial/build/carlike_bot_simulation' returned '1': CMAKE_PREFIX_PATH=/home/dhruva/ros2_ws/install/serp_rl:/opt/ros/humble /usr/bin/cmake --install /home/dhruva/trial/build/carlike_bot_simulation
